{"/var/home/jim/DevWork/gis-webview/gis-webview/frontend/src/server.ts": {"path":"/var/home/jim/DevWork/gis-webview/gis-webview/frontend/src/server.ts","statementMap":{"0":{"start":{"line":10,"column":6},"end":{"line":10,"column":null}},"1":{"start":{"line":12,"column":13},"end":{"line":12,"column":null}},"2":{"start":{"line":13,"column":19},"end":{"line":13,"column":null}},"3":{"start":{"line":16,"column":0},"end":{"line":22,"column":null}},"4":{"start":{"line":24,"column":0},"end":{"line":26,"column":null}},"5":{"start":{"line":25,"column":2},"end":{"line":25,"column":null}},"6":{"start":{"line":28,"column":0},"end":{"line":36,"column":null}},"7":{"start":{"line":29,"column":17},"end":{"line":29,"column":null}},"8":{"start":{"line":31,"column":2},"end":{"line":35,"column":null}},"9":{"start":{"line":32,"column":4},"end":{"line":32,"column":null}},"10":{"start":{"line":34,"column":4},"end":{"line":34,"column":null}},"11":{"start":{"line":38,"column":0},"end":{"line":45,"column":null}},"12":{"start":{"line":39,"column":2},"end":{"line":44,"column":null}},"13":{"start":{"line":42,"column":6},"end":{"line":42,"column":null}},"14":{"start":{"line":48,"column":0},"end":{"line":57,"column":null}},"15":{"start":{"line":49,"column":15},"end":{"line":49,"column":null}},"16":{"start":{"line":50,"column":2},"end":{"line":56,"column":null}},"17":{"start":{"line":51,"column":4},"end":{"line":53,"column":null}},"18":{"start":{"line":52,"column":6},"end":{"line":52,"column":null}},"19":{"start":{"line":55,"column":4},"end":{"line":55,"column":null}},"20":{"start":{"line":59,"column":13},"end":{"line":59,"column":null}}},"fnMap":{"0":{"name":"(anonymous_0)","decl":{"start":{"line":24,"column":23},"end":{"line":24,"column":24}},"loc":{"start":{"line":24,"column":37},"end":{"line":26,"column":1}},"line":24},"1":{"name":"(anonymous_1)","decl":{"start":{"line":28,"column":31},"end":{"line":28,"column":32}},"loc":{"start":{"line":28,"column":45},"end":{"line":36,"column":1}},"line":28},"2":{"name":"(anonymous_2)","decl":{"start":{"line":38,"column":8},"end":{"line":38,"column":9}},"loc":{"start":{"line":38,"column":28},"end":{"line":45,"column":1}},"line":38},"3":{"name":"(anonymous_3)","decl":{"start":{"line":41,"column":10},"end":{"line":41,"column":11}},"loc":{"start":{"line":42,"column":6},"end":{"line":42,"column":null}},"line":42},"4":{"name":"(anonymous_4)","decl":{"start":{"line":50,"column":19},"end":{"line":50,"column":20}},"loc":{"start":{"line":50,"column":30},"end":{"line":56,"column":3}},"line":50}},"branchMap":{"0":{"loc":{"start":{"line":31,"column":2},"end":{"line":35,"column":null}},"type":"if","locations":[{"start":{"line":31,"column":2},"end":{"line":35,"column":null}},{"start":{"line":33,"column":9},"end":{"line":35,"column":null}}],"line":31},"1":{"loc":{"start":{"line":31,"column":6},"end":{"line":31,"column":68}},"type":"binary-expr","locations":[{"start":{"line":31,"column":6},"end":{"line":31,"column":27}},{"start":{"line":31,"column":27},"end":{"line":31,"column":49}},{"start":{"line":31,"column":49},"end":{"line":31,"column":68}}],"line":31},"2":{"loc":{"start":{"line":42,"column":6},"end":{"line":42,"column":null}},"type":"cond-expr","locations":[{"start":{"line":42,"column":6},"end":{"line":42,"column":62}},{"start":{"line":42,"column":62},"end":{"line":42,"column":null}}],"line":42},"3":{"loc":{"start":{"line":48,"column":0},"end":{"line":57,"column":null}},"type":"if","locations":[{"start":{"line":48,"column":0},"end":{"line":57,"column":null}},{"start":{},"end":{}}],"line":48},"4":{"loc":{"start":{"line":48,"column":0},"end":{"line":48,"column":59}},"type":"binary-expr","locations":[{"start":{"line":48,"column":0},"end":{"line":48,"column":37}},{"start":{"line":48,"column":37},"end":{"line":48,"column":59}}],"line":48},"5":{"loc":{"start":{"line":49,"column":15},"end":{"line":49,"column":null}},"type":"binary-expr","locations":[{"start":{"line":49,"column":15},"end":{"line":49,"column":38}},{"start":{"line":49,"column":38},"end":{"line":49,"column":null}}],"line":49},"6":{"loc":{"start":{"line":51,"column":4},"end":{"line":53,"column":null}},"type":"if","locations":[{"start":{"line":51,"column":4},"end":{"line":53,"column":null}},{"start":{},"end":{}}],"line":51}},"s":{"0":1,"1":1,"2":1,"3":1,"4":1,"5":1,"6":1,"7":2,"8":2,"9":1,"10":1,"11":1,"12":0,"13":0,"14":1,"15":0,"16":0,"17":0,"18":0,"19":0,"20":1},"f":{"0":1,"1":2,"2":0,"3":0,"4":0},"b":{"0":[1,1],"1":[2,1,1],"2":[0,0],"3":[0,1],"4":[1,1],"5":[0,0],"6":[0,0]},"meta":{"lastBranch":7,"lastFunction":5,"lastStatement":21,"seen":{"s:10:6:10:Infinity":0,"s:12:13:12:Infinity":1,"s:13:19:13:Infinity":2,"s:16:0:22:Infinity":3,"s:24:0:26:Infinity":4,"f:24:23:24:24":0,"s:25:2:25:Infinity":5,"s:28:0:36:Infinity":6,"f:28:31:28:32":1,"s:29:17:29:Infinity":7,"b:31:2:35:Infinity:33:9:35:Infinity":0,"s:31:2:35:Infinity":8,"b:31:6:31:27:31:27:31:49:31:49:31:68":1,"s:32:4:32:Infinity":9,"s:34:4:34:Infinity":10,"s:38:0:45:Infinity":11,"f:38:8:38:9":2,"s:39:2:44:Infinity":12,"f:41:10:41:11":3,"s:42:6:42:Infinity":13,"b:42:6:42:62:42:62:42:Infinity":2,"b:48:0:57:Infinity:undefined:undefined:undefined:undefined":3,"s:48:0:57:Infinity":14,"b:48:0:48:37:48:37:48:59":4,"s:49:15:49:Infinity":15,"b:49:15:49:38:49:38:49:Infinity":5,"s:50:2:56:Infinity":16,"f:50:19:50:20":4,"b:51:4:53:Infinity:undefined:undefined:undefined:undefined":6,"s:51:4:53:Infinity":17,"s:52:6:52:Infinity":18,"s:55:4:55:Infinity":19,"s:59:13:59:Infinity":20}}}
,"/var/home/jim/DevWork/gis-webview/gis-webview/frontend/src/test-setup.ts": {"path":"/var/home/jim/DevWork/gis-webview/gis-webview/frontend/src/test-setup.ts","statementMap":{"0":{"start":{"line":193,"column":0},"end":{"line":205,"column":null}},"1":{"start":{"line":193,"column":34},"end":{"line":205,"column":2}},"2":{"start":{"line":195,"column":17},"end":{"line":195,"column":null}},"3":{"start":{"line":196,"column":16},"end":{"line":196,"column":null}},"4":{"start":{"line":197,"column":15},"end":{"line":197,"column":null}},"5":{"start":{"line":198,"column":14},"end":{"line":198,"column":null}},"6":{"start":{"line":199,"column":16},"end":{"line":203,"column":null}},"7":{"start":{"line":199,"column":29},"end":{"line":203,"column":6}},"8":{"start":{"line":202,"column":31},"end":{"line":202,"column":33}},"9":{"start":{"line":207,"column":0},"end":{"line":219,"column":null}},"10":{"start":{"line":207,"column":39},"end":{"line":219,"column":2}},"11":{"start":{"line":209,"column":17},"end":{"line":209,"column":null}},"12":{"start":{"line":210,"column":16},"end":{"line":210,"column":null}},"13":{"start":{"line":211,"column":15},"end":{"line":211,"column":null}},"14":{"start":{"line":212,"column":14},"end":{"line":212,"column":null}},"15":{"start":{"line":213,"column":16},"end":{"line":217,"column":null}},"16":{"start":{"line":213,"column":29},"end":{"line":217,"column":6}},"17":{"start":{"line":216,"column":31},"end":{"line":216,"column":33}},"18":{"start":{"line":221,"column":0},"end":{"line":229,"column":null}},"19":{"start":{"line":221,"column":35},"end":{"line":229,"column":2}},"20":{"start":{"line":223,"column":17},"end":{"line":223,"column":null}},"21":{"start":{"line":224,"column":20},"end":{"line":224,"column":null}},"22":{"start":{"line":225,"column":18},"end":{"line":225,"column":null}},"23":{"start":{"line":226,"column":12},"end":{"line":226,"column":null}},"24":{"start":{"line":227,"column":9},"end":{"line":227,"column":null}},"25":{"start":{"line":225,"column":30},"end":{"line":225,"column":32}},"26":{"start":{"line":6,"column":0},"end":{"line":6,"column":null}},"27":{"start":{"line":7,"column":0},"end":{"line":7,"column":null}},"28":{"start":{"line":8,"column":0},"end":{"line":8,"column":null}},"29":{"start":{"line":9,"column":0},"end":{"line":9,"column":null}},"30":{"start":{"line":11,"column":0},"end":{"line":11,"column":null}},"31":{"start":{"line":14,"column":0},"end":{"line":14,"column":null}},"32":{"start":{"line":15,"column":0},"end":{"line":15,"column":null}},"33":{"start":{"line":16,"column":0},"end":{"line":16,"column":null}},"34":{"start":{"line":17,"column":0},"end":{"line":17,"column":null}},"35":{"start":{"line":18,"column":0},"end":{"line":18,"column":null}},"36":{"start":{"line":19,"column":0},"end":{"line":19,"column":null}},"37":{"start":{"line":20,"column":0},"end":{"line":20,"column":null}},"38":{"start":{"line":21,"column":0},"end":{"line":21,"column":null}},"39":{"start":{"line":184,"column":0},"end":{"line":184,"column":null}},"40":{"start":{"line":26,"column":17},"end":{"line":26,"column":null}},"41":{"start":{"line":27,"column":12},"end":{"line":27,"column":null}},"42":{"start":{"line":29,"column":1},"end":{"line":29,"column":null}},"43":{"start":{"line":30,"column":1},"end":{"line":30,"column":null}},"44":{"start":{"line":31,"column":1},"end":{"line":31,"column":null}},"45":{"start":{"line":37,"column":0},"end":{"line":41,"column":null}},"46":{"start":{"line":44,"column":1},"end":{"line":44,"column":null}},"47":{"start":{"line":45,"column":1},"end":{"line":45,"column":null}},"48":{"start":{"line":46,"column":1},"end":{"line":46,"column":null}},"49":{"start":{"line":47,"column":1},"end":{"line":47,"column":null}},"50":{"start":{"line":48,"column":1},"end":{"line":48,"column":null}},"51":{"start":{"line":49,"column":1},"end":{"line":49,"column":null}},"52":{"start":{"line":56,"column":0},"end":{"line":67,"column":null}},"53":{"start":{"line":57,"column":2},"end":{"line":57,"column":null}},"54":{"start":{"line":58,"column":3},"end":{"line":58,"column":null}},"55":{"start":{"line":60,"column":3},"end":{"line":66,"column":null}},"56":{"start":{"line":63,"column":6},"end":{"line":63,"column":null}},"57":{"start":{"line":64,"column":6},"end":{"line":64,"column":null}},"58":{"start":{"line":69,"column":1},"end":{"line":69,"column":null}},"59":{"start":{"line":69,"column":85},"end":{"line":69,"column":89}},"60":{"start":{"line":69,"column":97},"end":{"line":69,"column":106}},"61":{"start":{"line":75,"column":1},"end":{"line":84,"column":null}},"62":{"start":{"line":76,"column":15},"end":{"line":76,"column":null}},"63":{"start":{"line":77,"column":18},"end":{"line":77,"column":null}},"64":{"start":{"line":78,"column":10},"end":{"line":78,"column":null}},"65":{"start":{"line":79,"column":10},"end":{"line":79,"column":null}},"66":{"start":{"line":80,"column":10},"end":{"line":80,"column":null}},"67":{"start":{"line":81,"column":12},"end":{"line":81,"column":null}},"68":{"start":{"line":82,"column":12},"end":{"line":82,"column":null}},"69":{"start":{"line":83,"column":14},"end":{"line":83,"column":null}},"70":{"start":{"line":90,"column":1},"end":{"line":104,"column":null}},"71":{"start":{"line":91,"column":2},"end":{"line":103,"column":null}},"72":{"start":{"line":93,"column":6},"end":{"line":93,"column":null}},"73":{"start":{"line":109,"column":0},"end":{"line":118,"column":null}},"74":{"start":{"line":110,"column":3},"end":{"line":117,"column":null}},"75":{"start":{"line":113,"column":18},"end":{"line":113,"column":null}},"76":{"start":{"line":114,"column":18},"end":{"line":114,"column":null}},"77":{"start":{"line":115,"column":20},"end":{"line":115,"column":null}},"78":{"start":{"line":116,"column":23},"end":{"line":116,"column":null}},"79":{"start":{"line":112,"column":20},"end":{"line":112,"column":38}},"80":{"start":{"line":116,"column":35},"end":{"line":116,"column":37}},"81":{"start":{"line":124,"column":0},"end":{"line":133,"column":null}},"82":{"start":{"line":125,"column":3},"end":{"line":125,"column":null}},"83":{"start":{"line":125,"column":52},"end":{"line":125,"column":62}},"84":{"start":{"line":126,"column":3},"end":{"line":126,"column":null}},"85":{"start":{"line":128,"column":3},"end":{"line":132,"column":null}},"86":{"start":{"line":130,"column":29},"end":{"line":130,"column":null}},"87":{"start":{"line":131,"column":29},"end":{"line":131,"column":null}},"88":{"start":{"line":129,"column":23},"end":{"line":129,"column":36}},"89":{"start":{"line":130,"column":41},"end":{"line":130,"column":51}},"90":{"start":{"line":138,"column":0},"end":{"line":145,"column":null}},"91":{"start":{"line":139,"column":3},"end":{"line":144,"column":null}},"92":{"start":{"line":140,"column":4},"end":{"line":142,"column":null}},"93":{"start":{"line":141,"column":6},"end":{"line":141,"column":null}},"94":{"start":{"line":143,"column":4},"end":{"line":143,"column":null}},"95":{"start":{"line":151,"column":1},"end":{"line":151,"column":null}},"96":{"start":{"line":151,"column":80},"end":{"line":151,"column":null}},"97":{"start":{"line":152,"column":1},"end":{"line":152,"column":null}},"98":{"start":{"line":152,"column":55},"end":{"line":152,"column":null}},"99":{"start":{"line":154,"column":0},"end":{"line":170,"column":null}},"100":{"start":{"line":155,"column":3},"end":{"line":169,"column":null}},"101":{"start":{"line":157,"column":6},"end":{"line":166,"column":null}},"102":{"start":{"line":160,"column":35},"end":{"line":160,"column":69}},"103":{"start":{"line":168,"column":18},"end":{"line":168,"column":29}},"104":{"start":{"line":175,"column":1},"end":{"line":179,"column":null}},"105":{"start":{"line":176,"column":12},"end":{"line":176,"column":null}},"106":{"start":{"line":177,"column":14},"end":{"line":177,"column":null}},"107":{"start":{"line":178,"column":15},"end":{"line":178,"column":null}},"108":{"start":{"line":185,"column":0},"end":{"line":188,"column":null}},"109":{"start":{"line":234,"column":0},"end":{"line":234,"column":null}},"110":{"start":{"line":235,"column":0},"end":{"line":235,"column":null}},"111":{"start":{"line":236,"column":0},"end":{"line":236,"column":null}},"112":{"start":{"line":237,"column":0},"end":{"line":237,"column":null}},"113":{"start":{"line":238,"column":0},"end":{"line":238,"column":null}},"114":{"start":{"line":239,"column":0},"end":{"line":239,"column":null}},"115":{"start":{"line":239,"column":36},"end":{"line":239,"column":46}},"116":{"start":{"line":241,"column":0},"end":{"line":241,"column":null}},"117":{"start":{"line":243,"column":0},"end":{"line":243,"column":null}},"118":{"start":{"line":244,"column":0},"end":{"line":244,"column":null}},"119":{"start":{"line":246,"column":0},"end":{"line":246,"column":null}},"120":{"start":{"line":247,"column":0},"end":{"line":247,"column":null}},"121":{"start":{"line":249,"column":0},"end":{"line":249,"column":null}},"122":{"start":{"line":250,"column":0},"end":{"line":250,"column":null}},"123":{"start":{"line":252,"column":0},"end":{"line":252,"column":null}},"124":{"start":{"line":253,"column":0},"end":{"line":253,"column":null}}},"fnMap":{"0":{"name":"(anonymous_0)","decl":{"start":{"line":193,"column":27},"end":{"line":193,"column":34}},"loc":{"start":{"line":193,"column":34},"end":{"line":205,"column":2}},"line":193},"1":{"name":"(anonymous_1)","decl":{"start":{"line":199,"column":22},"end":{"line":199,"column":29}},"loc":{"start":{"line":199,"column":29},"end":{"line":203,"column":6}},"line":199},"2":{"name":"(anonymous_2)","decl":{"start":{"line":202,"column":25},"end":{"line":202,"column":31}},"loc":{"start":{"line":202,"column":31},"end":{"line":202,"column":33}},"line":202},"3":{"name":"(anonymous_3)","decl":{"start":{"line":207,"column":32},"end":{"line":207,"column":39}},"loc":{"start":{"line":207,"column":39},"end":{"line":219,"column":2}},"line":207},"4":{"name":"(anonymous_4)","decl":{"start":{"line":213,"column":22},"end":{"line":213,"column":29}},"loc":{"start":{"line":213,"column":29},"end":{"line":217,"column":6}},"line":213},"5":{"name":"(anonymous_5)","decl":{"start":{"line":216,"column":25},"end":{"line":216,"column":31}},"loc":{"start":{"line":216,"column":31},"end":{"line":216,"column":33}},"line":216},"6":{"name":"(anonymous_6)","decl":{"start":{"line":221,"column":28},"end":{"line":221,"column":35}},"loc":{"start":{"line":221,"column":35},"end":{"line":229,"column":2}},"line":221},"7":{"name":"(anonymous_7)","decl":{"start":{"line":225,"column":24},"end":{"line":225,"column":30}},"loc":{"start":{"line":225,"column":30},"end":{"line":225,"column":32}},"line":225},"8":{"name":"(anonymous_8)","decl":{"start":{"line":62,"column":4},"end":{"line":62,"column":16}},"loc":{"start":{"line":62,"column":46},"end":{"line":65,"column":null}},"line":62},"9":{"name":"(anonymous_9)","decl":{"start":{"line":90,"column":35},"end":{"line":90,"column":36}},"loc":{"start":{"line":90,"column":56},"end":{"line":104,"column":null}},"line":90},"10":{"name":"(anonymous_10)","decl":{"start":{"line":92,"column":22},"end":{"line":92,"column":23}},"loc":{"start":{"line":92,"column":40},"end":{"line":94,"column":null}},"line":92},"11":{"name":"(anonymous_11)","decl":{"start":{"line":112,"column":4},"end":{"line":112,"column":18}},"loc":{"start":{"line":112,"column":18},"end":{"line":112,"column":null}},"line":112},"12":{"name":"(anonymous_12)","decl":{"start":{"line":116,"column":29},"end":{"line":116,"column":35}},"loc":{"start":{"line":116,"column":35},"end":{"line":116,"column":37}},"line":116},"13":{"name":"(anonymous_13)","decl":{"start":{"line":125,"column":46},"end":{"line":125,"column":52}},"loc":{"start":{"line":125,"column":52},"end":{"line":125,"column":62}},"line":125},"14":{"name":"(anonymous_14)","decl":{"start":{"line":129,"column":4},"end":{"line":129,"column":23}},"loc":{"start":{"line":129,"column":36},"end":{"line":129,"column":null}},"line":129},"15":{"name":"(anonymous_15)","decl":{"start":{"line":130,"column":35},"end":{"line":130,"column":41}},"loc":{"start":{"line":130,"column":41},"end":{"line":130,"column":51}},"line":130},"16":{"name":"(anonymous_16)","decl":{"start":{"line":139,"column":47},"end":{"line":139,"column":65}},"loc":{"start":{"line":139,"column":65},"end":{"line":144,"column":null}},"line":139},"17":{"name":"(anonymous_17)","decl":{"start":{"line":151,"column":40},"end":{"line":151,"column":41}},"loc":{"start":{"line":151,"column":80},"end":{"line":151,"column":null}},"line":151},"18":{"name":"(anonymous_18)","decl":{"start":{"line":152,"column":39},"end":{"line":152,"column":40}},"loc":{"start":{"line":152,"column":55},"end":{"line":152,"column":null}},"line":152},"19":{"name":"(anonymous_19)","decl":{"start":{"line":156,"column":4},"end":{"line":156,"column":17}},"loc":{"start":{"line":156,"column":17},"end":{"line":167,"column":null}},"line":156},"20":{"name":"(anonymous_20)","decl":{"start":{"line":160,"column":28},"end":{"line":160,"column":35}},"loc":{"start":{"line":160,"column":35},"end":{"line":160,"column":69}},"line":160},"21":{"name":"(anonymous_21)","decl":{"start":{"line":168,"column":4},"end":{"line":168,"column":16}},"loc":{"start":{"line":168,"column":16},"end":{"line":168,"column":null}},"line":168},"22":{"name":"(anonymous_22)","decl":{"start":{"line":239,"column":30},"end":{"line":239,"column":36}},"loc":{"start":{"line":239,"column":36},"end":{"line":239,"column":46}},"line":239}},"branchMap":{"0":{"loc":{"start":{"line":62,"column":30},"end":{"line":62,"column":46}},"type":"default-arg","locations":[{"start":{"line":62,"column":42},"end":{"line":62,"column":46}}],"line":62},"1":{"loc":{"start":{"line":64,"column":17},"end":{"line":64,"column":null}},"type":"binary-expr","locations":[{"start":{"line":64,"column":17},"end":{"line":64,"column":29}},{"start":{"line":64,"column":29},"end":{"line":64,"column":null}}],"line":64},"2":{"loc":{"start":{"line":69,"column":37},"end":{"line":69,"column":null}},"type":"binary-expr","locations":[{"start":{"line":69,"column":37},"end":{"line":69,"column":70}},{"start":{"line":69,"column":70},"end":{"line":69,"column":null}}],"line":69},"3":{"loc":{"start":{"line":93,"column":14},"end":{"line":93,"column":null}},"type":"cond-expr","locations":[{"start":{"line":93,"column":34},"end":{"line":93,"column":59}},{"start":{"line":93,"column":59},"end":{"line":93,"column":null}}],"line":93},"4":{"loc":{"start":{"line":109,"column":0},"end":{"line":118,"column":null}},"type":"if","locations":[{"start":{"line":109,"column":0},"end":{"line":118,"column":null}},{"start":{},"end":{}}],"line":109},"5":{"loc":{"start":{"line":124,"column":0},"end":{"line":133,"column":null}},"type":"if","locations":[{"start":{"line":124,"column":0},"end":{"line":133,"column":null}},{"start":{"line":127,"column":7},"end":{"line":133,"column":null}}],"line":124},"6":{"loc":{"start":{"line":138,"column":0},"end":{"line":145,"column":null}},"type":"if","locations":[{"start":{"line":138,"column":0},"end":{"line":145,"column":null}},{"start":{},"end":{}}],"line":138},"7":{"loc":{"start":{"line":140,"column":4},"end":{"line":142,"column":null}},"type":"if","locations":[{"start":{"line":140,"column":4},"end":{"line":142,"column":null}},{"start":{},"end":{}}],"line":140},"8":{"loc":{"start":{"line":154,"column":0},"end":{"line":170,"column":null}},"type":"if","locations":[{"start":{"line":154,"column":0},"end":{"line":170,"column":null}},{"start":{},"end":{}}],"line":154}},"s":{"0":8,"1":8,"2":5,"3":5,"4":5,"5":5,"6":5,"7":0,"8":0,"9":8,"10":8,"11":0,"12":0,"13":0,"14":0,"15":0,"16":0,"17":0,"18":8,"19":3,"20":5,"21":5,"22":5,"23":5,"24":5,"25":0,"26":8,"27":8,"28":8,"29":8,"30":8,"31":8,"32":8,"33":8,"34":8,"35":8,"36":8,"37":8,"38":8,"39":8,"40":8,"41":8,"42":8,"43":8,"44":8,"45":8,"46":8,"47":8,"48":8,"49":8,"50":8,"51":8,"52":8,"53":8,"54":8,"55":8,"56":1,"57":1,"58":8,"59":0,"60":0,"61":8,"62":0,"63":0,"64":0,"65":0,"66":0,"67":0,"68":0,"69":0,"70":8,"71":2,"72":0,"73":8,"74":8,"75":0,"76":0,"77":0,"78":0,"79":0,"80":0,"81":8,"82":8,"83":0,"84":8,"85":0,"86":0,"87":0,"88":0,"89":0,"90":8,"91":8,"92":4,"93":4,"94":0,"95":8,"96":7,"97":8,"98":7,"99":8,"100":8,"101":0,"102":0,"103":0,"104":8,"105":14,"106":14,"107":14,"108":8,"109":8,"110":8,"111":8,"112":8,"113":8,"114":8,"115":35,"116":8,"117":8,"118":8,"119":8,"120":8,"121":8,"122":8,"123":8,"124":8},"f":{"0":8,"1":0,"2":0,"3":8,"4":0,"5":0,"6":3,"7":0,"8":1,"9":2,"10":0,"11":0,"12":0,"13":0,"14":0,"15":0,"16":4,"17":7,"18":7,"19":0,"20":0,"21":0,"22":35},"b":{"0":[1],"1":[1,0],"2":[8,0],"3":[0,0],"4":[8,0],"5":[8,0],"6":[8,0],"7":[4,0],"8":[8,0]},"meta":{"lastBranch":9,"lastFunction":23,"lastStatement":125,"seen":{"s:193:0:205:Infinity":0,"f:193:27:193:34":0,"s:193:34:205:2":1,"s:195:17:195:Infinity":2,"s:196:16:196:Infinity":3,"s:197:15:197:Infinity":4,"s:198:14:198:Infinity":5,"s:199:16:203:Infinity":6,"f:199:22:199:29":1,"s:199:29:203:6":7,"f:202:25:202:31":2,"s:202:31:202:33":8,"s:207:0:219:Infinity":9,"f:207:32:207:39":3,"s:207:39:219:2":10,"s:209:17:209:Infinity":11,"s:210:16:210:Infinity":12,"s:211:15:211:Infinity":13,"s:212:14:212:Infinity":14,"s:213:16:217:Infinity":15,"f:213:22:213:29":4,"s:213:29:217:6":16,"f:216:25:216:31":5,"s:216:31:216:33":17,"s:221:0:229:Infinity":18,"f:221:28:221:35":6,"s:221:35:229:2":19,"s:223:17:223:Infinity":20,"s:224:20:224:Infinity":21,"s:225:18:225:Infinity":22,"s:226:12:226:Infinity":23,"s:227:9:227:Infinity":24,"f:225:24:225:30":7,"s:225:30:225:32":25,"s:6:0:6:Infinity":26,"s:7:0:7:Infinity":27,"s:8:0:8:Infinity":28,"s:9:0:9:Infinity":29,"s:11:0:11:Infinity":30,"s:14:0:14:Infinity":31,"s:15:0:15:Infinity":32,"s:16:0:16:Infinity":33,"s:17:0:17:Infinity":34,"s:18:0:18:Infinity":35,"s:19:0:19:Infinity":36,"s:20:0:20:Infinity":37,"s:21:0:21:Infinity":38,"s:184:0:184:Infinity":39,"s:26:17:26:Infinity":40,"s:27:12:27:Infinity":41,"s:29:1:29:Infinity":42,"s:30:1:30:Infinity":43,"s:31:1:31:Infinity":44,"s:37:0:41:Infinity":45,"s:44:1:44:Infinity":46,"s:45:1:45:Infinity":47,"s:46:1:46:Infinity":48,"s:47:1:47:Infinity":49,"s:48:1:48:Infinity":50,"s:49:1:49:Infinity":51,"s:56:0:67:Infinity":52,"s:57:2:57:Infinity":53,"s:58:3:58:Infinity":54,"s:60:3:66:Infinity":55,"f:62:4:62:16":8,"b:62:42:62:46":0,"s:63:6:63:Infinity":56,"s:64:6:64:Infinity":57,"b:64:17:64:29:64:29:64:Infinity":1,"s:69:1:69:Infinity":58,"b:69:37:69:70:69:70:69:Infinity":2,"s:69:85:69:89":59,"s:69:97:69:106":60,"s:75:1:84:Infinity":61,"s:76:15:76:Infinity":62,"s:77:18:77:Infinity":63,"s:78:10:78:Infinity":64,"s:79:10:79:Infinity":65,"s:80:10:80:Infinity":66,"s:81:12:81:Infinity":67,"s:82:12:82:Infinity":68,"s:83:14:83:Infinity":69,"s:90:1:104:Infinity":70,"f:90:35:90:36":9,"s:91:2:103:Infinity":71,"f:92:22:92:23":10,"s:93:6:93:Infinity":72,"b:93:34:93:59:93:59:93:Infinity":3,"b:109:0:118:Infinity:undefined:undefined:undefined:undefined":4,"s:109:0:118:Infinity":73,"s:110:3:117:Infinity":74,"s:113:18:113:Infinity":75,"s:114:18:114:Infinity":76,"s:115:20:115:Infinity":77,"s:116:23:116:Infinity":78,"f:112:4:112:18":11,"s:112:20:112:38":79,"f:116:29:116:35":12,"s:116:35:116:37":80,"b:124:0:133:Infinity:127:7:133:Infinity":5,"s:124:0:133:Infinity":81,"s:125:3:125:Infinity":82,"f:125:46:125:52":13,"s:125:52:125:62":83,"s:126:3:126:Infinity":84,"s:128:3:132:Infinity":85,"s:130:29:130:Infinity":86,"s:131:29:131:Infinity":87,"f:129:4:129:23":14,"s:129:23:129:36":88,"f:130:35:130:41":15,"s:130:41:130:51":89,"b:138:0:145:Infinity:undefined:undefined:undefined:undefined":6,"s:138:0:145:Infinity":90,"s:139:3:144:Infinity":91,"f:139:47:139:65":16,"b:140:4:142:Infinity:undefined:undefined:undefined:undefined":7,"s:140:4:142:Infinity":92,"s:141:6:141:Infinity":93,"s:143:4:143:Infinity":94,"s:151:1:151:Infinity":95,"f:151:40:151:41":17,"s:151:80:151:Infinity":96,"s:152:1:152:Infinity":97,"f:152:39:152:40":18,"s:152:55:152:Infinity":98,"b:154:0:170:Infinity:undefined:undefined:undefined:undefined":8,"s:154:0:170:Infinity":99,"s:155:3:169:Infinity":100,"f:156:4:156:17":19,"s:157:6:166:Infinity":101,"f:160:28:160:35":20,"s:160:35:160:69":102,"f:168:4:168:16":21,"s:168:18:168:29":103,"s:175:1:179:Infinity":104,"s:176:12:176:Infinity":105,"s:177:14:177:Infinity":106,"s:178:15:178:Infinity":107,"s:185:0:188:Infinity":108,"s:234:0:234:Infinity":109,"s:235:0:235:Infinity":110,"s:236:0:236:Infinity":111,"s:237:0:237:Infinity":112,"s:238:0:238:Infinity":113,"s:239:0:239:Infinity":114,"f:239:30:239:36":22,"s:239:36:239:46":115,"s:241:0:241:Infinity":116,"s:243:0:243:Infinity":117,"s:244:0:244:Infinity":118,"s:246:0:246:Infinity":119,"s:247:0:247:Infinity":120,"s:249:0:249:Infinity":121,"s:250:0:250:Infinity":122,"s:252:0:252:Infinity":123,"s:253:0:253:Infinity":124}}}
,"/var/home/jim/DevWork/gis-webview/gis-webview/frontend/src/app/map/layer-item.component.ts": {"path":"/var/home/jim/DevWork/gis-webview/gis-webview/frontend/src/app/map/layer-item.component.ts","statementMap":{"0":{"start":{"line":16,"column":7},"end":{"line":103,"column":null}},"1":{"start":{"line":21,"column":32},"end":{"line":21,"column":null}},"2":{"start":{"line":24,"column":26},"end":{"line":24,"column":null}},"3":{"start":{"line":27,"column":28},"end":{"line":27,"column":null}},"4":{"start":{"line":36,"column":10},"end":{"line":36,"column":null}},"5":{"start":{"line":37,"column":10},"end":{"line":37,"column":null}},"6":{"start":{"line":21,"column":55},"end":{"line":21,"column":71}},"7":{"start":{"line":41,"column":18},"end":{"line":41,"column":null}},"8":{"start":{"line":42,"column":4},"end":{"line":42,"column":null}},"9":{"start":{"line":47,"column":4},"end":{"line":47,"column":null}},"10":{"start":{"line":48,"column":4},"end":{"line":48,"column":null}},"11":{"start":{"line":53,"column":4},"end":{"line":53,"column":null}},"12":{"start":{"line":54,"column":4},"end":{"line":54,"column":null}},"13":{"start":{"line":59,"column":4},"end":{"line":61,"column":null}},"14":{"start":{"line":60,"column":6},"end":{"line":60,"column":null}},"15":{"start":{"line":63,"column":43},"end":{"line":71,"column":null}},"16":{"start":{"line":73,"column":4},"end":{"line":80,"column":null}},"17":{"start":{"line":82,"column":19},"end":{"line":82,"column":null}},"18":{"start":{"line":83,"column":4},"end":{"line":83,"column":null}},"19":{"start":{"line":85,"column":4},"end":{"line":85,"column":null}},"20":{"start":{"line":85,"column":52},"end":{"line":85,"column":77}},"21":{"start":{"line":93,"column":4},"end":{"line":101,"column":null}},"22":{"start":{"line":94,"column":23},"end":{"line":94,"column":null}},"23":{"start":{"line":95,"column":22},"end":{"line":95,"column":null}},"24":{"start":{"line":96,"column":23},"end":{"line":96,"column":null}},"25":{"start":{"line":97,"column":22},"end":{"line":97,"column":null}},"26":{"start":{"line":98,"column":19},"end":{"line":98,"column":null}},"27":{"start":{"line":99,"column":20},"end":{"line":99,"column":null}},"28":{"start":{"line":100,"column":15},"end":{"line":100,"column":null}},"29":{"start":{"line":18,"column":11},"end":{"line":18,"column":null}},"30":{"start":{"line":24,"column":12},"end":{"line":24,"column":26}},"31":{"start":{"line":27,"column":12},"end":{"line":27,"column":28}},"32":{"start":{"line":30,"column":30},"end":{"line":30,"column":null}},"33":{"start":{"line":16,"column":13},"end":{"line":16,"column":32}}},"fnMap":{"0":{"name":"(anonymous_0)","decl":{"start":{"line":21,"column":46},"end":{"line":21,"column":55}},"loc":{"start":{"line":21,"column":55},"end":{"line":21,"column":71}},"line":21},"1":{"name":"(anonymous_1)","decl":{"start":{"line":40,"column":2},"end":{"line":40,"column":16}},"loc":{"start":{"line":40,"column":30},"end":{"line":43,"column":null}},"line":40},"2":{"name":"(anonymous_2)","decl":{"start":{"line":46,"column":2},"end":{"line":46,"column":14}},"loc":{"start":{"line":46,"column":32},"end":{"line":49,"column":null}},"line":46},"3":{"name":"(anonymous_3)","decl":{"start":{"line":52,"column":2},"end":{"line":52,"column":15}},"loc":{"start":{"line":52,"column":34},"end":{"line":55,"column":null}},"line":52},"4":{"name":"(anonymous_4)","decl":{"start":{"line":58,"column":2},"end":{"line":58,"column":22}},"loc":{"start":{"line":58,"column":22},"end":{"line":86,"column":null}},"line":58},"5":{"name":"(anonymous_5)","decl":{"start":{"line":85,"column":46},"end":{"line":85,"column":52}},"loc":{"start":{"line":85,"column":52},"end":{"line":85,"column":77}},"line":85},"6":{"name":"(anonymous_6)","decl":{"start":{"line":92,"column":2},"end":{"line":92,"column":12}},"loc":{"start":{"line":92,"column":38},"end":{"line":102,"column":null}},"line":92}},"branchMap":{"0":{"loc":{"start":{"line":59,"column":4},"end":{"line":61,"column":null}},"type":"if","locations":[{"start":{"line":59,"column":4},"end":{"line":61,"column":null}},{"start":{},"end":{}}],"line":59},"1":{"loc":{"start":{"line":93,"column":4},"end":{"line":101,"column":null}},"type":"switch","locations":[{"start":{"line":94,"column":6},"end":{"line":94,"column":null}},{"start":{"line":95,"column":6},"end":{"line":95,"column":null}},{"start":{"line":96,"column":6},"end":{"line":96,"column":null}},{"start":{"line":97,"column":6},"end":{"line":97,"column":null}},{"start":{"line":98,"column":6},"end":{"line":98,"column":null}},{"start":{"line":99,"column":6},"end":{"line":99,"column":null}},{"start":{"line":100,"column":6},"end":{"line":100,"column":null}}],"line":93}},"s":{"0":1,"1":0,"2":0,"3":0,"4":0,"5":0,"6":0,"7":0,"8":0,"9":0,"10":0,"11":0,"12":0,"13":0,"14":0,"15":0,"16":0,"17":0,"18":0,"19":0,"20":0,"21":0,"22":0,"23":0,"24":0,"25":0,"26":0,"27":0,"28":0,"29":1,"30":1,"31":1,"32":1,"33":1},"f":{"0":0,"1":0,"2":0,"3":0,"4":0,"5":0,"6":0},"b":{"0":[0,0],"1":[0,0,0,0,0,0,0]},"meta":{"lastBranch":2,"lastFunction":7,"lastStatement":34,"seen":{"s:16:7:103:Infinity":0,"s:21:32:21:Infinity":1,"s:24:26:24:Infinity":2,"s:27:28:27:Infinity":3,"s:36:10:36:Infinity":4,"s:37:10:37:Infinity":5,"f:21:46:21:55":0,"s:21:55:21:71":6,"f:40:2:40:16":1,"s:41:18:41:Infinity":7,"s:42:4:42:Infinity":8,"f:46:2:46:14":2,"s:47:4:47:Infinity":9,"s:48:4:48:Infinity":10,"f:52:2:52:15":3,"s:53:4:53:Infinity":11,"s:54:4:54:Infinity":12,"f:58:2:58:22":4,"b:59:4:61:Infinity:undefined:undefined:undefined:undefined":0,"s:59:4:61:Infinity":13,"s:60:6:60:Infinity":14,"s:63:43:71:Infinity":15,"s:73:4:80:Infinity":16,"s:82:19:82:Infinity":17,"s:83:4:83:Infinity":18,"s:85:4:85:Infinity":19,"f:85:46:85:52":5,"s:85:52:85:77":20,"f:92:2:92:12":6,"b:94:6:94:Infinity:95:6:95:Infinity:96:6:96:Infinity:97:6:97:Infinity:98:6:98:Infinity:99:6:99:Infinity:100:6:100:Infinity":1,"s:93:4:101:Infinity":21,"s:94:23:94:Infinity":22,"s:95:22:95:Infinity":23,"s:96:23:96:Infinity":24,"s:97:22:97:Infinity":25,"s:98:19:98:Infinity":26,"s:99:20:99:Infinity":27,"s:100:15:100:Infinity":28,"s:18:11:18:Infinity":29,"s:24:12:24:26":30,"s:27:12:27:28":31,"s:30:30:30:Infinity":32,"s:16:13:16:32":33}}}
,"/var/home/jim/DevWork/gis-webview/gis-webview/frontend/src/app/map/map.component.ts": {"path":"/var/home/jim/DevWork/gis-webview/gis-webview/frontend/src/app/map/map.component.ts","statementMap":{"0":{"start":{"line":52,"column":7},"end":{"line":770,"column":null}},"1":{"start":{"line":64,"column":13},"end":{"line":64,"column":null}},"2":{"start":{"line":66,"column":45},"end":{"line":66,"column":null}},"3":{"start":{"line":67,"column":25},"end":{"line":67,"column":null}},"4":{"start":{"line":68,"column":16},"end":{"line":68,"column":null}},"5":{"start":{"line":69,"column":16},"end":{"line":69,"column":null}},"6":{"start":{"line":74,"column":36},"end":{"line":74,"column":null}},"7":{"start":{"line":76,"column":58},"end":{"line":76,"column":null}},"8":{"start":{"line":77,"column":40},"end":{"line":77,"column":null}},"9":{"start":{"line":79,"column":45},"end":{"line":79,"column":null}},"10":{"start":{"line":80,"column":25},"end":{"line":80,"column":null}},"11":{"start":{"line":82,"column":16},"end":{"line":82,"column":null}},"12":{"start":{"line":83,"column":15},"end":{"line":83,"column":null}},"13":{"start":{"line":84,"column":15},"end":{"line":84,"column":null}},"14":{"start":{"line":85,"column":13},"end":{"line":85,"column":null}},"15":{"start":{"line":86,"column":13},"end":{"line":86,"column":null}},"16":{"start":{"line":88,"column":29},"end":{"line":88,"column":null}},"17":{"start":{"line":92,"column":18},"end":{"line":92,"column":null}},"18":{"start":{"line":94,"column":14},"end":{"line":94,"column":null}},"19":{"start":{"line":95,"column":19},"end":{"line":95,"column":null}},"20":{"start":{"line":96,"column":20},"end":{"line":96,"column":null}},"21":{"start":{"line":101,"column":53},"end":{"line":101,"column":null}},"22":{"start":{"line":106,"column":9},"end":{"line":106,"column":null}},"23":{"start":{"line":107,"column":10},"end":{"line":107,"column":null}},"24":{"start":{"line":108,"column":9},"end":{"line":108,"column":null}},"25":{"start":{"line":109,"column":2},"end":{"line":109,"column":null}},"26":{"start":{"line":110,"column":10},"end":{"line":110,"column":null}},"27":{"start":{"line":111,"column":10},"end":{"line":111,"column":null}},"28":{"start":{"line":112,"column":10},"end":{"line":112,"column":null}},"29":{"start":{"line":213,"column":38},"end":{"line":215,"column":null}},"30":{"start":{"line":117,"column":41},"end":{"line":117,"column":79}},"31":{"start":{"line":120,"column":36},"end":{"line":120,"column":69}},"32":{"start":{"line":124,"column":16},"end":{"line":124,"column":null}},"33":{"start":{"line":125,"column":4},"end":{"line":125,"column":null}},"34":{"start":{"line":130,"column":16},"end":{"line":130,"column":null}},"35":{"start":{"line":131,"column":4},"end":{"line":131,"column":null}},"36":{"start":{"line":136,"column":4},"end":{"line":136,"column":null}},"37":{"start":{"line":136,"column":35},"end":{"line":136,"column":null}},"38":{"start":{"line":137,"column":4},"end":{"line":137,"column":null}},"39":{"start":{"line":144,"column":4},"end":{"line":144,"column":null}},"40":{"start":{"line":145,"column":4},"end":{"line":145,"column":null}},"41":{"start":{"line":147,"column":4},"end":{"line":151,"column":null}},"42":{"start":{"line":148,"column":6},"end":{"line":150,"column":null}},"43":{"start":{"line":149,"column":8},"end":{"line":149,"column":null}},"44":{"start":{"line":153,"column":4},"end":{"line":159,"column":null}},"45":{"start":{"line":154,"column":6},"end":{"line":154,"column":null}},"46":{"start":{"line":155,"column":6},"end":{"line":155,"column":null}},"47":{"start":{"line":156,"column":6},"end":{"line":156,"column":null}},"48":{"start":{"line":157,"column":6},"end":{"line":157,"column":null}},"49":{"start":{"line":158,"column":6},"end":{"line":158,"column":null}},"50":{"start":{"line":162,"column":4},"end":{"line":177,"column":null}},"51":{"start":{"line":163,"column":6},"end":{"line":163,"column":null}},"52":{"start":{"line":163,"column":32},"end":{"line":163,"column":null}},"53":{"start":{"line":164,"column":6},"end":{"line":167,"column":null}},"54":{"start":{"line":165,"column":8},"end":{"line":165,"column":null}},"55":{"start":{"line":166,"column":8},"end":{"line":166,"column":null}},"56":{"start":{"line":168,"column":6},"end":{"line":172,"column":null}},"57":{"start":{"line":169,"column":8},"end":{"line":169,"column":null}},"58":{"start":{"line":170,"column":8},"end":{"line":170,"column":null}},"59":{"start":{"line":171,"column":8},"end":{"line":171,"column":null}},"60":{"start":{"line":173,"column":6},"end":{"line":173,"column":null}},"61":{"start":{"line":174,"column":6},"end":{"line":174,"column":null}},"62":{"start":{"line":175,"column":6},"end":{"line":175,"column":null}},"63":{"start":{"line":176,"column":6},"end":{"line":176,"column":null}},"64":{"start":{"line":180,"column":4},"end":{"line":198,"column":null}},"65":{"start":{"line":181,"column":22},"end":{"line":181,"column":null}},"66":{"start":{"line":182,"column":6},"end":{"line":195,"column":null}},"67":{"start":{"line":183,"column":8},"end":{"line":183,"column":null}},"68":{"start":{"line":184,"column":8},"end":{"line":184,"column":null}},"69":{"start":{"line":185,"column":8},"end":{"line":185,"column":null}},"70":{"start":{"line":186,"column":8},"end":{"line":186,"column":null}},"71":{"start":{"line":188,"column":8},"end":{"line":188,"column":null}},"72":{"start":{"line":188,"column":34},"end":{"line":188,"column":null}},"73":{"start":{"line":189,"column":8},"end":{"line":189,"column":null}},"74":{"start":{"line":190,"column":8},"end":{"line":190,"column":null}},"75":{"start":{"line":191,"column":8},"end":{"line":194,"column":null}},"76":{"start":{"line":192,"column":10},"end":{"line":192,"column":null}},"77":{"start":{"line":193,"column":10},"end":{"line":193,"column":null}},"78":{"start":{"line":196,"column":6},"end":{"line":196,"column":null}},"79":{"start":{"line":197,"column":6},"end":{"line":197,"column":null}},"80":{"start":{"line":201,"column":4},"end":{"line":204,"column":null}},"81":{"start":{"line":202,"column":6},"end":{"line":202,"column":null}},"82":{"start":{"line":203,"column":6},"end":{"line":203,"column":null}},"83":{"start":{"line":206,"column":4},"end":{"line":206,"column":null}},"84":{"start":{"line":206,"column":48},"end":{"line":206,"column":68}},"85":{"start":{"line":206,"column":68},"end":{"line":206,"column":94}},"86":{"start":{"line":207,"column":4},"end":{"line":207,"column":null}},"87":{"start":{"line":207,"column":57},"end":{"line":207,"column":100}},"88":{"start":{"line":207,"column":100},"end":{"line":207,"column":126}},"89":{"start":{"line":209,"column":4},"end":{"line":209,"column":null}},"90":{"start":{"line":214,"column":4},"end":{"line":214,"column":null}},"91":{"start":{"line":223,"column":4},"end":{"line":223,"column":null}},"92":{"start":{"line":224,"column":4},"end":{"line":224,"column":null}},"93":{"start":{"line":226,"column":4},"end":{"line":226,"column":null}},"94":{"start":{"line":227,"column":29},"end":{"line":230,"column":null}},"95":{"start":{"line":232,"column":4},"end":{"line":239,"column":null}},"96":{"start":{"line":241,"column":4},"end":{"line":241,"column":null}},"97":{"start":{"line":241,"column":61},"end":{"line":241,"column":89}},"98":{"start":{"line":246,"column":4},"end":{"line":250,"column":null}},"99":{"start":{"line":247,"column":6},"end":{"line":247,"column":null}},"100":{"start":{"line":248,"column":6},"end":{"line":248,"column":null}},"101":{"start":{"line":249,"column":6},"end":{"line":249,"column":null}},"102":{"start":{"line":258,"column":4},"end":{"line":258,"column":null}},"103":{"start":{"line":260,"column":19},"end":{"line":260,"column":null}},"104":{"start":{"line":261,"column":4},"end":{"line":261,"column":null}},"105":{"start":{"line":261,"column":17},"end":{"line":261,"column":null}},"106":{"start":{"line":263,"column":4},"end":{"line":263,"column":null}},"107":{"start":{"line":266,"column":4},"end":{"line":281,"column":null}},"108":{"start":{"line":268,"column":8},"end":{"line":268,"column":null}},"109":{"start":{"line":269,"column":8},"end":{"line":269,"column":null}},"110":{"start":{"line":271,"column":31},"end":{"line":271,"column":null}},"111":{"start":{"line":272,"column":8},"end":{"line":272,"column":null}},"112":{"start":{"line":272,"column":29},"end":{"line":272,"column":null}},"113":{"start":{"line":273,"column":8},"end":{"line":278,"column":null}},"114":{"start":{"line":279,"column":8},"end":{"line":279,"column":null}},"115":{"start":{"line":283,"column":4},"end":{"line":283,"column":null}},"116":{"start":{"line":291,"column":4},"end":{"line":291,"column":null}},"117":{"start":{"line":291,"column":39},"end":{"line":291,"column":null}},"118":{"start":{"line":292,"column":4},"end":{"line":292,"column":null}},"119":{"start":{"line":293,"column":4},"end":{"line":293,"column":null}},"120":{"start":{"line":294,"column":4},"end":{"line":294,"column":null}},"121":{"start":{"line":295,"column":4},"end":{"line":295,"column":null}},"122":{"start":{"line":296,"column":4},"end":{"line":296,"column":null}},"123":{"start":{"line":301,"column":4},"end":{"line":313,"column":null}},"124":{"start":{"line":303,"column":8},"end":{"line":303,"column":null}},"125":{"start":{"line":304,"column":8},"end":{"line":304,"column":null}},"126":{"start":{"line":305,"column":8},"end":{"line":305,"column":null}},"127":{"start":{"line":307,"column":8},"end":{"line":307,"column":null}},"128":{"start":{"line":308,"column":8},"end":{"line":308,"column":null}},"129":{"start":{"line":309,"column":8},"end":{"line":309,"column":null}},"130":{"start":{"line":311,"column":8},"end":{"line":311,"column":null}},"131":{"start":{"line":312,"column":8},"end":{"line":312,"column":null}},"132":{"start":{"line":322,"column":18},"end":{"line":322,"column":null}},"133":{"start":{"line":323,"column":18},"end":{"line":323,"column":null}},"134":{"start":{"line":324,"column":26},"end":{"line":324,"column":null}},"135":{"start":{"line":326,"column":51},"end":{"line":326,"column":null}},"136":{"start":{"line":327,"column":23},"end":{"line":334,"column":null}},"137":{"start":{"line":328,"column":6},"end":{"line":333,"column":null}},"138":{"start":{"line":329,"column":26},"end":{"line":331,"column":null}},"139":{"start":{"line":332,"column":8},"end":{"line":332,"column":null}},"140":{"start":{"line":336,"column":17},"end":{"line":336,"column":null}},"141":{"start":{"line":337,"column":19},"end":{"line":337,"column":null}},"142":{"start":{"line":338,"column":4},"end":{"line":338,"column":null}},"143":{"start":{"line":339,"column":4},"end":{"line":339,"column":null}},"144":{"start":{"line":341,"column":4},"end":{"line":347,"column":null}},"145":{"start":{"line":342,"column":27},"end":{"line":342,"column":null}},"146":{"start":{"line":343,"column":6},"end":{"line":346,"column":null}},"147":{"start":{"line":344,"column":8},"end":{"line":344,"column":null}},"148":{"start":{"line":344,"column":60},"end":{"line":344,"column":73}},"149":{"start":{"line":344,"column":76},"end":{"line":344,"column":null}},"150":{"start":{"line":345,"column":8},"end":{"line":345,"column":null}},"151":{"start":{"line":349,"column":4},"end":{"line":355,"column":null}},"152":{"start":{"line":350,"column":25},"end":{"line":350,"column":null}},"153":{"start":{"line":351,"column":30},"end":{"line":351,"column":null}},"154":{"start":{"line":352,"column":12},"end":{"line":352,"column":null}},"155":{"start":{"line":353,"column":6},"end":{"line":353,"column":null}},"156":{"start":{"line":353,"column":26},"end":{"line":353,"column":null}},"157":{"start":{"line":354,"column":6},"end":{"line":354,"column":null}},"158":{"start":{"line":354,"column":31},"end":{"line":354,"column":null}},"159":{"start":{"line":357,"column":4},"end":{"line":357,"column":null}},"160":{"start":{"line":365,"column":21},"end":{"line":365,"column":null}},"161":{"start":{"line":366,"column":4},"end":{"line":366,"column":null}},"162":{"start":{"line":367,"column":4},"end":{"line":367,"column":null}},"163":{"start":{"line":368,"column":4},"end":{"line":368,"column":null}},"164":{"start":{"line":369,"column":4},"end":{"line":369,"column":null}},"165":{"start":{"line":374,"column":4},"end":{"line":379,"column":null}},"166":{"start":{"line":384,"column":4},"end":{"line":384,"column":null}},"167":{"start":{"line":384,"column":16},"end":{"line":384,"column":null}},"168":{"start":{"line":385,"column":4},"end":{"line":385,"column":null}},"169":{"start":{"line":386,"column":4},"end":{"line":386,"column":null}},"170":{"start":{"line":391,"column":4},"end":{"line":391,"column":null}},"171":{"start":{"line":391,"column":16},"end":{"line":391,"column":null}},"172":{"start":{"line":392,"column":4},"end":{"line":392,"column":null}},"173":{"start":{"line":393,"column":4},"end":{"line":393,"column":null}},"174":{"start":{"line":398,"column":4},"end":{"line":398,"column":null}},"175":{"start":{"line":399,"column":4},"end":{"line":399,"column":null}},"176":{"start":{"line":404,"column":4},"end":{"line":404,"column":null}},"177":{"start":{"line":405,"column":4},"end":{"line":405,"column":null}},"178":{"start":{"line":406,"column":4},"end":{"line":406,"column":null}},"179":{"start":{"line":411,"column":4},"end":{"line":411,"column":null}},"180":{"start":{"line":411,"column":50},"end":{"line":411,"column":null}},"181":{"start":{"line":412,"column":19},"end":{"line":412,"column":null}},"182":{"start":{"line":413,"column":4},"end":{"line":440,"column":null}},"183":{"start":{"line":414,"column":22},"end":{"line":414,"column":null}},"184":{"start":{"line":415,"column":24},"end":{"line":415,"column":null}},"185":{"start":{"line":416,"column":6},"end":{"line":434,"column":null}},"186":{"start":{"line":417,"column":8},"end":{"line":425,"column":null}},"187":{"start":{"line":426,"column":6},"end":{"line":434,"column":null}},"188":{"start":{"line":427,"column":8},"end":{"line":433,"column":null}},"189":{"start":{"line":435,"column":6},"end":{"line":435,"column":null}},"190":{"start":{"line":435,"column":37},"end":{"line":435,"column":null}},"191":{"start":{"line":436,"column":6},"end":{"line":436,"column":null}},"192":{"start":{"line":437,"column":6},"end":{"line":437,"column":null}},"193":{"start":{"line":438,"column":6},"end":{"line":438,"column":null}},"194":{"start":{"line":439,"column":6},"end":{"line":439,"column":null}},"195":{"start":{"line":441,"column":4},"end":{"line":441,"column":null}},"196":{"start":{"line":446,"column":17},"end":{"line":446,"column":null}},"197":{"start":{"line":447,"column":4},"end":{"line":447,"column":null}},"198":{"start":{"line":447,"column":15},"end":{"line":447,"column":null}},"199":{"start":{"line":448,"column":4},"end":{"line":448,"column":null}},"200":{"start":{"line":449,"column":19},"end":{"line":449,"column":null}},"201":{"start":{"line":450,"column":4},"end":{"line":476,"column":null}},"202":{"start":{"line":451,"column":22},"end":{"line":451,"column":null}},"203":{"start":{"line":452,"column":6},"end":{"line":475,"column":null}},"204":{"start":{"line":453,"column":8},"end":{"line":453,"column":null}},"205":{"start":{"line":454,"column":23},"end":{"line":454,"column":null}},"206":{"start":{"line":455,"column":8},"end":{"line":455,"column":null}},"207":{"start":{"line":456,"column":29},"end":{"line":456,"column":null}},"208":{"start":{"line":457,"column":8},"end":{"line":457,"column":null}},"209":{"start":{"line":458,"column":8},"end":{"line":458,"column":null}},"210":{"start":{"line":459,"column":8},"end":{"line":468,"column":null}},"211":{"start":{"line":460,"column":10},"end":{"line":460,"column":null}},"212":{"start":{"line":460,"column":41},"end":{"line":460,"column":null}},"213":{"start":{"line":461,"column":10},"end":{"line":466,"column":null}},"214":{"start":{"line":467,"column":10},"end":{"line":467,"column":null}},"215":{"start":{"line":470,"column":8},"end":{"line":470,"column":null}},"216":{"start":{"line":471,"column":8},"end":{"line":471,"column":null}},"217":{"start":{"line":472,"column":8},"end":{"line":472,"column":null}},"218":{"start":{"line":473,"column":8},"end":{"line":473,"column":null}},"219":{"start":{"line":474,"column":8},"end":{"line":474,"column":null}},"220":{"start":{"line":477,"column":4},"end":{"line":477,"column":null}},"221":{"start":{"line":482,"column":4},"end":{"line":482,"column":null}},"222":{"start":{"line":482,"column":53},"end":{"line":482,"column":null}},"223":{"start":{"line":483,"column":4},"end":{"line":488,"column":null}},"224":{"start":{"line":493,"column":4},"end":{"line":493,"column":null}},"225":{"start":{"line":493,"column":35},"end":{"line":493,"column":null}},"226":{"start":{"line":494,"column":4},"end":{"line":494,"column":null}},"227":{"start":{"line":495,"column":4},"end":{"line":495,"column":null}},"228":{"start":{"line":496,"column":4},"end":{"line":496,"column":null}},"229":{"start":{"line":497,"column":4},"end":{"line":497,"column":null}},"230":{"start":{"line":502,"column":4},"end":{"line":502,"column":null}},"231":{"start":{"line":502,"column":26},"end":{"line":502,"column":null}},"232":{"start":{"line":503,"column":19},"end":{"line":503,"column":null}},"233":{"start":{"line":504,"column":4},"end":{"line":537,"column":null}},"234":{"start":{"line":505,"column":22},"end":{"line":505,"column":null}},"235":{"start":{"line":506,"column":24},"end":{"line":506,"column":null}},"236":{"start":{"line":508,"column":6},"end":{"line":526,"column":null}},"237":{"start":{"line":509,"column":8},"end":{"line":517,"column":null}},"238":{"start":{"line":518,"column":6},"end":{"line":526,"column":null}},"239":{"start":{"line":519,"column":8},"end":{"line":525,"column":null}},"240":{"start":{"line":527,"column":6},"end":{"line":530,"column":null}},"241":{"start":{"line":528,"column":8},"end":{"line":528,"column":null}},"242":{"start":{"line":529,"column":8},"end":{"line":529,"column":null}},"243":{"start":{"line":531,"column":6},"end":{"line":531,"column":null}},"244":{"start":{"line":531,"column":37},"end":{"line":531,"column":null}},"245":{"start":{"line":532,"column":6},"end":{"line":532,"column":null}},"246":{"start":{"line":532,"column":37},"end":{"line":532,"column":null}},"247":{"start":{"line":533,"column":6},"end":{"line":533,"column":null}},"248":{"start":{"line":534,"column":6},"end":{"line":534,"column":null}},"249":{"start":{"line":535,"column":6},"end":{"line":535,"column":null}},"250":{"start":{"line":536,"column":6},"end":{"line":536,"column":null}},"251":{"start":{"line":538,"column":4},"end":{"line":538,"column":null}},"252":{"start":{"line":543,"column":18},"end":{"line":543,"column":null}},"253":{"start":{"line":543,"column":35},"end":{"line":543,"column":50}},"254":{"start":{"line":546,"column":21},"end":{"line":546,"column":null}},"255":{"start":{"line":547,"column":21},"end":{"line":547,"column":null}},"256":{"start":{"line":548,"column":4},"end":{"line":551,"column":null}},"257":{"start":{"line":548,"column":17},"end":{"line":548,"column":20}},"258":{"start":{"line":549,"column":6},"end":{"line":549,"column":null}},"259":{"start":{"line":549,"column":47},"end":{"line":549,"column":null}},"260":{"start":{"line":550,"column":6},"end":{"line":550,"column":null}},"261":{"start":{"line":550,"column":47},"end":{"line":550,"column":null}},"262":{"start":{"line":552,"column":4},"end":{"line":552,"column":null}},"263":{"start":{"line":557,"column":4},"end":{"line":557,"column":null}},"264":{"start":{"line":557,"column":27},"end":{"line":557,"column":null}},"265":{"start":{"line":558,"column":21},"end":{"line":558,"column":null}},"266":{"start":{"line":559,"column":4},"end":{"line":559,"column":null}},"267":{"start":{"line":559,"column":39},"end":{"line":559,"column":null}},"268":{"start":{"line":561,"column":4},"end":{"line":578,"column":null}},"269":{"start":{"line":562,"column":22},"end":{"line":562,"column":null}},"270":{"start":{"line":563,"column":6},"end":{"line":563,"column":null}},"271":{"start":{"line":564,"column":4},"end":{"line":578,"column":null}},"272":{"start":{"line":565,"column":22},"end":{"line":565,"column":null}},"273":{"start":{"line":565,"column":63},"end":{"line":565,"column":93}},"274":{"start":{"line":566,"column":19},"end":{"line":566,"column":null}},"275":{"start":{"line":567,"column":6},"end":{"line":576,"column":null}},"276":{"start":{"line":568,"column":22},"end":{"line":568,"column":null}},"277":{"start":{"line":569,"column":20},"end":{"line":574,"column":null}},"278":{"start":{"line":570,"column":20},"end":{"line":570,"column":null}},"279":{"start":{"line":571,"column":10},"end":{"line":571,"column":null}},"280":{"start":{"line":571,"column":46},"end":{"line":571,"column":null}},"281":{"start":{"line":572,"column":10},"end":{"line":572,"column":null}},"282":{"start":{"line":572,"column":83},"end":{"line":572,"column":null}},"283":{"start":{"line":573,"column":10},"end":{"line":573,"column":null}},"284":{"start":{"line":575,"column":8},"end":{"line":575,"column":null}},"285":{"start":{"line":577,"column":6},"end":{"line":577,"column":null}},"286":{"start":{"line":580,"column":4},"end":{"line":580,"column":null}},"287":{"start":{"line":580,"column":35},"end":{"line":580,"column":null}},"288":{"start":{"line":585,"column":25},"end":{"line":585,"column":null}},"289":{"start":{"line":586,"column":4},"end":{"line":586,"column":null}},"290":{"start":{"line":587,"column":4},"end":{"line":592,"column":null}},"291":{"start":{"line":597,"column":22},"end":{"line":597,"column":null}},"292":{"start":{"line":598,"column":18},"end":{"line":598,"column":null}},"293":{"start":{"line":599,"column":4},"end":{"line":599,"column":null}},"294":{"start":{"line":599,"column":15},"end":{"line":599,"column":null}},"295":{"start":{"line":600,"column":4},"end":{"line":600,"column":null}},"296":{"start":{"line":601,"column":4},"end":{"line":601,"column":null}},"297":{"start":{"line":601,"column":29},"end":{"line":601,"column":null}},"298":{"start":{"line":606,"column":4},"end":{"line":606,"column":null}},"299":{"start":{"line":606,"column":29},"end":{"line":606,"column":null}},"300":{"start":{"line":607,"column":4},"end":{"line":607,"column":null}},"301":{"start":{"line":608,"column":4},"end":{"line":608,"column":null}},"302":{"start":{"line":613,"column":4},"end":{"line":613,"column":null}},"303":{"start":{"line":614,"column":4},"end":{"line":619,"column":null}},"304":{"start":{"line":621,"column":4},"end":{"line":621,"column":null}},"305":{"start":{"line":621,"column":33},"end":{"line":621,"column":77}},"306":{"start":{"line":626,"column":4},"end":{"line":629,"column":null}},"307":{"start":{"line":627,"column":6},"end":{"line":627,"column":null}},"308":{"start":{"line":628,"column":6},"end":{"line":628,"column":null}},"309":{"start":{"line":628,"column":32},"end":{"line":628,"column":null}},"310":{"start":{"line":634,"column":4},"end":{"line":634,"column":null}},"311":{"start":{"line":634,"column":25},"end":{"line":634,"column":null}},"312":{"start":{"line":635,"column":4},"end":{"line":635,"column":null}},"313":{"start":{"line":636,"column":4},"end":{"line":636,"column":null}},"314":{"start":{"line":641,"column":19},"end":{"line":641,"column":null}},"315":{"start":{"line":642,"column":4},"end":{"line":642,"column":null}},"316":{"start":{"line":642,"column":17},"end":{"line":642,"column":null}},"317":{"start":{"line":643,"column":19},"end":{"line":643,"column":null}},"318":{"start":{"line":644,"column":4},"end":{"line":644,"column":null}},"319":{"start":{"line":644,"column":17},"end":{"line":644,"column":null}},"320":{"start":{"line":646,"column":4},"end":{"line":654,"column":null}},"321":{"start":{"line":647,"column":6},"end":{"line":647,"column":null}},"322":{"start":{"line":647,"column":27},"end":{"line":647,"column":null}},"323":{"start":{"line":648,"column":6},"end":{"line":648,"column":null}},"324":{"start":{"line":650,"column":6},"end":{"line":650,"column":null}},"325":{"start":{"line":652,"column":6},"end":{"line":652,"column":null}},"326":{"start":{"line":653,"column":6},"end":{"line":653,"column":null}},"327":{"start":{"line":659,"column":19},"end":{"line":659,"column":null}},"328":{"start":{"line":660,"column":4},"end":{"line":660,"column":null}},"329":{"start":{"line":660,"column":17},"end":{"line":660,"column":null}},"330":{"start":{"line":661,"column":4},"end":{"line":661,"column":null}},"331":{"start":{"line":662,"column":4},"end":{"line":664,"column":null}},"332":{"start":{"line":665,"column":4},"end":{"line":665,"column":null}},"333":{"start":{"line":670,"column":19},"end":{"line":670,"column":null}},"334":{"start":{"line":671,"column":4},"end":{"line":671,"column":null}},"335":{"start":{"line":676,"column":19},"end":{"line":676,"column":null}},"336":{"start":{"line":677,"column":4},"end":{"line":677,"column":null}},"337":{"start":{"line":677,"column":26},"end":{"line":677,"column":null}},"338":{"start":{"line":678,"column":4},"end":{"line":678,"column":null}},"339":{"start":{"line":679,"column":4},"end":{"line":679,"column":null}},"340":{"start":{"line":680,"column":4},"end":{"line":680,"column":null}},"341":{"start":{"line":681,"column":4},"end":{"line":681,"column":null}},"342":{"start":{"line":686,"column":4},"end":{"line":686,"column":null}},"343":{"start":{"line":686,"column":42},"end":{"line":686,"column":null}},"344":{"start":{"line":687,"column":4},"end":{"line":687,"column":null}},"345":{"start":{"line":692,"column":4},"end":{"line":695,"column":null}},"346":{"start":{"line":693,"column":21},"end":{"line":693,"column":null}},"347":{"start":{"line":694,"column":6},"end":{"line":694,"column":null}},"348":{"start":{"line":696,"column":4},"end":{"line":696,"column":null}},"349":{"start":{"line":700,"column":58},"end":{"line":700,"column":75}},"350":{"start":{"line":703,"column":61},"end":{"line":703,"column":79}},"351":{"start":{"line":707,"column":26},"end":{"line":715,"column":null}},"352":{"start":{"line":708,"column":16},"end":{"line":708,"column":null}},"353":{"start":{"line":709,"column":6},"end":{"line":713,"column":null}},"354":{"start":{"line":709,"column":19},"end":{"line":709,"column":22}},"355":{"start":{"line":710,"column":19},"end":{"line":710,"column":null}},"356":{"start":{"line":711,"column":19},"end":{"line":711,"column":null}},"357":{"start":{"line":712,"column":8},"end":{"line":712,"column":null}},"358":{"start":{"line":714,"column":6},"end":{"line":714,"column":null}},"359":{"start":{"line":717,"column":4},"end":{"line":721,"column":null}},"360":{"start":{"line":718,"column":6},"end":{"line":718,"column":null}},"361":{"start":{"line":718,"column":44},"end":{"line":718,"column":77}},"362":{"start":{"line":718,"column":98},"end":{"line":718,"column":107}},"363":{"start":{"line":720,"column":6},"end":{"line":720,"column":null}},"364":{"start":{"line":720,"column":41},"end":{"line":720,"column":134}},"365":{"start":{"line":720,"column":69},"end":{"line":720,"column":102}},"366":{"start":{"line":720,"column":123},"end":{"line":720,"column":132}},"367":{"start":{"line":720,"column":155},"end":{"line":720,"column":164}},"368":{"start":{"line":729,"column":4},"end":{"line":729,"column":null}},"369":{"start":{"line":729,"column":16},"end":{"line":729,"column":null}},"370":{"start":{"line":731,"column":4},"end":{"line":731,"column":null}},"371":{"start":{"line":733,"column":4},"end":{"line":733,"column":null}},"372":{"start":{"line":741,"column":4},"end":{"line":741,"column":null}},"373":{"start":{"line":741,"column":16},"end":{"line":741,"column":null}},"374":{"start":{"line":742,"column":20},"end":{"line":742,"column":null}},"375":{"start":{"line":743,"column":4},"end":{"line":743,"column":null}},"376":{"start":{"line":743,"column":37},"end":{"line":743,"column":null}},"377":{"start":{"line":744,"column":20},"end":{"line":744,"column":null}},"378":{"start":{"line":746,"column":22},"end":{"line":746,"column":null}},"379":{"start":{"line":747,"column":4},"end":{"line":747,"column":null}},"380":{"start":{"line":749,"column":4},"end":{"line":749,"column":null}},"381":{"start":{"line":750,"column":4},"end":{"line":750,"column":null}},"382":{"start":{"line":758,"column":4},"end":{"line":758,"column":null}},"383":{"start":{"line":758,"column":16},"end":{"line":758,"column":null}},"384":{"start":{"line":760,"column":22},"end":{"line":760,"column":null}},"385":{"start":{"line":761,"column":4},"end":{"line":764,"column":null}},"386":{"start":{"line":762,"column":6},"end":{"line":762,"column":null}},"387":{"start":{"line":763,"column":6},"end":{"line":763,"column":null}},"388":{"start":{"line":766,"column":4},"end":{"line":766,"column":null}},"389":{"start":{"line":767,"column":4},"end":{"line":767,"column":null}},"390":{"start":{"line":54,"column":47},"end":{"line":54,"column":null}},"391":{"start":{"line":55,"column":30},"end":{"line":55,"column":null}},"392":{"start":{"line":56,"column":32},"end":{"line":56,"column":null}},"393":{"start":{"line":57,"column":35},"end":{"line":57,"column":null}},"394":{"start":{"line":58,"column":35},"end":{"line":58,"column":null}},"395":{"start":{"line":59,"column":34},"end":{"line":59,"column":null}},"396":{"start":{"line":60,"column":34},"end":{"line":60,"column":null}},"397":{"start":{"line":61,"column":33},"end":{"line":61,"column":null}},"398":{"start":{"line":62,"column":52},"end":{"line":62,"column":null}},"399":{"start":{"line":52,"column":13},"end":{"line":52,"column":51}}},"fnMap":{"0":{"name":"(anonymous_0)","decl":{"start":{"line":117,"column":6},"end":{"line":117,"column":39}},"loc":{"start":{"line":117,"column":39},"end":{"line":117,"column":null}},"line":117},"1":{"name":"(anonymous_1)","decl":{"start":{"line":120,"column":6},"end":{"line":120,"column":34}},"loc":{"start":{"line":120,"column":34},"end":{"line":120,"column":null}},"line":120},"2":{"name":"(anonymous_2)","decl":{"start":{"line":123,"column":6},"end":{"line":123,"column":29}},"loc":{"start":{"line":123,"column":29},"end":{"line":126,"column":null}},"line":123},"3":{"name":"(anonymous_3)","decl":{"start":{"line":129,"column":6},"end":{"line":129,"column":29}},"loc":{"start":{"line":129,"column":29},"end":{"line":132,"column":null}},"line":129},"4":{"name":"(anonymous_4)","decl":{"start":{"line":135,"column":6},"end":{"line":135,"column":34}},"loc":{"start":{"line":135,"column":34},"end":{"line":138,"column":null}},"line":135},"5":{"name":"(anonymous_5)","decl":{"start":{"line":143,"column":2},"end":{"line":143,"column":26}},"loc":{"start":{"line":143,"column":26},"end":{"line":210,"column":null}},"line":143},"6":{"name":"(anonymous_6)","decl":{"start":{"line":147,"column":46},"end":{"line":147,"column":52}},"loc":{"start":{"line":147,"column":52},"end":{"line":151,"column":5}},"line":147},"7":{"name":"(anonymous_7)","decl":{"start":{"line":153,"column":43},"end":{"line":153,"column":52}},"loc":{"start":{"line":153,"column":52},"end":{"line":159,"column":5}},"line":153},"8":{"name":"(anonymous_8)","decl":{"start":{"line":162,"column":43},"end":{"line":162,"column":54}},"loc":{"start":{"line":162,"column":54},"end":{"line":177,"column":5}},"line":162},"9":{"name":"(anonymous_9)","decl":{"start":{"line":180,"column":45},"end":{"line":180,"column":46}},"loc":{"start":{"line":180,"column":54},"end":{"line":198,"column":5}},"line":180},"10":{"name":"(anonymous_10)","decl":{"start":{"line":201,"column":40},"end":{"line":201,"column":50}},"loc":{"start":{"line":201,"column":50},"end":{"line":204,"column":5}},"line":201},"11":{"name":"(anonymous_11)","decl":{"start":{"line":206,"column":41},"end":{"line":206,"column":46}},"loc":{"start":{"line":206,"column":46},"end":{"line":206,"column":95}},"line":206},"12":{"name":"(anonymous_12)","decl":{"start":{"line":207,"column":48},"end":{"line":207,"column":55}},"loc":{"start":{"line":207,"column":55},"end":{"line":207,"column":127}},"line":207},"13":{"name":"(anonymous_13)","decl":{"start":{"line":213,"column":38},"end":{"line":213,"column":39}},"loc":{"start":{"line":213,"column":61},"end":{"line":215,"column":null}},"line":213},"14":{"name":"(anonymous_14)","decl":{"start":{"line":222,"column":2},"end":{"line":222,"column":20}},"loc":{"start":{"line":222,"column":65},"end":{"line":242,"column":null}},"line":222},"15":{"name":"(anonymous_15)","decl":{"start":{"line":241,"column":55},"end":{"line":241,"column":61}},"loc":{"start":{"line":241,"column":61},"end":{"line":241,"column":89}},"line":241},"16":{"name":"(anonymous_16)","decl":{"start":{"line":245,"column":2},"end":{"line":245,"column":32}},"loc":{"start":{"line":245,"column":32},"end":{"line":251,"column":null}},"line":245},"17":{"name":"(anonymous_17)","decl":{"start":{"line":257,"column":2},"end":{"line":257,"column":15}},"loc":{"start":{"line":257,"column":37},"end":{"line":284,"column":null}},"line":257},"18":{"name":"(anonymous_18)","decl":{"start":{"line":290,"column":2},"end":{"line":290,"column":12}},"loc":{"start":{"line":290,"column":53},"end":{"line":297,"column":null}},"line":290},"19":{"name":"(anonymous_19)","decl":{"start":{"line":300,"column":10},"end":{"line":300,"column":31}},"loc":{"start":{"line":300,"column":31},"end":{"line":314,"column":null}},"line":300},"20":{"name":"(anonymous_20)","decl":{"start":{"line":321,"column":10},"end":{"line":321,"column":34}},"loc":{"start":{"line":321,"column":94},"end":{"line":358,"column":null}},"line":321},"21":{"name":"(anonymous_21)","decl":{"start":{"line":327,"column":23},"end":{"line":327,"column":24}},"loc":{"start":{"line":327,"column":54},"end":{"line":334,"column":null}},"line":327},"22":{"name":"(anonymous_22)","decl":{"start":{"line":343,"column":33},"end":{"line":343,"column":40}},"loc":{"start":{"line":343,"column":40},"end":{"line":346,"column":7}},"line":343},"23":{"name":"(anonymous_23)","decl":{"start":{"line":344,"column":55},"end":{"line":344,"column":60}},"loc":{"start":{"line":344,"column":60},"end":{"line":344,"column":73}},"line":344},"24":{"name":"(anonymous_24)","decl":{"start":{"line":364,"column":2},"end":{"line":364,"column":17}},"loc":{"start":{"line":364,"column":58},"end":{"line":370,"column":null}},"line":364},"25":{"name":"(anonymous_25)","decl":{"start":{"line":373,"column":2},"end":{"line":373,"column":21}},"loc":{"start":{"line":373,"column":21},"end":{"line":380,"column":null}},"line":373},"26":{"name":"(anonymous_26)","decl":{"start":{"line":383,"column":2},"end":{"line":383,"column":14}},"loc":{"start":{"line":383,"column":41},"end":{"line":387,"column":null}},"line":383},"27":{"name":"(anonymous_27)","decl":{"start":{"line":390,"column":2},"end":{"line":390,"column":14}},"loc":{"start":{"line":390,"column":41},"end":{"line":394,"column":null}},"line":390},"28":{"name":"(anonymous_28)","decl":{"start":{"line":397,"column":2},"end":{"line":397,"column":16}},"loc":{"start":{"line":397,"column":57},"end":{"line":400,"column":null}},"line":397},"29":{"name":"(anonymous_29)","decl":{"start":{"line":403,"column":2},"end":{"line":403,"column":14}},"loc":{"start":{"line":403,"column":58},"end":{"line":407,"column":null}},"line":403},"30":{"name":"(anonymous_30)","decl":{"start":{"line":410,"column":2},"end":{"line":410,"column":24}},"loc":{"start":{"line":410,"column":24},"end":{"line":442,"column":null}},"line":410},"31":{"name":"(anonymous_31)","decl":{"start":{"line":413,"column":20},"end":{"line":413,"column":26}},"loc":{"start":{"line":413,"column":26},"end":{"line":440,"column":null}},"line":413},"32":{"name":"(anonymous_32)","decl":{"start":{"line":445,"column":2},"end":{"line":445,"column":17}},"loc":{"start":{"line":445,"column":35},"end":{"line":478,"column":null}},"line":445},"33":{"name":"(anonymous_33)","decl":{"start":{"line":450,"column":20},"end":{"line":450,"column":26}},"loc":{"start":{"line":450,"column":26},"end":{"line":476,"column":null}},"line":450},"34":{"name":"(anonymous_34)","decl":{"start":{"line":459,"column":31},"end":{"line":459,"column":37}},"loc":{"start":{"line":459,"column":37},"end":{"line":468,"column":9}},"line":459},"35":{"name":"(anonymous_35)","decl":{"start":{"line":481,"column":2},"end":{"line":481,"column":32}},"loc":{"start":{"line":481,"column":32},"end":{"line":489,"column":null}},"line":481},"36":{"name":"(anonymous_36)","decl":{"start":{"line":492,"column":2},"end":{"line":492,"column":23}},"loc":{"start":{"line":492,"column":23},"end":{"line":498,"column":null}},"line":492},"37":{"name":"(anonymous_37)","decl":{"start":{"line":501,"column":2},"end":{"line":501,"column":24}},"loc":{"start":{"line":501,"column":24},"end":{"line":539,"column":null}},"line":501},"38":{"name":"(anonymous_38)","decl":{"start":{"line":504,"column":20},"end":{"line":504,"column":26}},"loc":{"start":{"line":504,"column":26},"end":{"line":537,"column":null}},"line":504},"39":{"name":"(anonymous_39)","decl":{"start":{"line":542,"column":10},"end":{"line":542,"column":30}},"loc":{"start":{"line":542,"column":81},"end":{"line":553,"column":null}},"line":542},"40":{"name":"(anonymous_40)","decl":{"start":{"line":543,"column":30},"end":{"line":543,"column":35}},"loc":{"start":{"line":543,"column":35},"end":{"line":543,"column":50}},"line":543},"41":{"name":"(anonymous_41)","decl":{"start":{"line":556,"column":2},"end":{"line":556,"column":24}},"loc":{"start":{"line":556,"column":24},"end":{"line":581,"column":null}},"line":556},"42":{"name":"(anonymous_42)","decl":{"start":{"line":565,"column":58},"end":{"line":565,"column":63}},"loc":{"start":{"line":565,"column":63},"end":{"line":565,"column":93}},"line":565},"43":{"name":"(anonymous_43)","decl":{"start":{"line":567,"column":23},"end":{"line":567,"column":28}},"loc":{"start":{"line":567,"column":28},"end":{"line":576,"column":7}},"line":567},"44":{"name":"(anonymous_44)","decl":{"start":{"line":569,"column":32},"end":{"line":569,"column":37}},"loc":{"start":{"line":569,"column":37},"end":{"line":574,"column":9}},"line":569},"45":{"name":"(anonymous_45)","decl":{"start":{"line":584,"column":2},"end":{"line":584,"column":30}},"loc":{"start":{"line":584,"column":30},"end":{"line":593,"column":null}},"line":584},"46":{"name":"(anonymous_46)","decl":{"start":{"line":596,"column":2},"end":{"line":596,"column":20}},"loc":{"start":{"line":596,"column":41},"end":{"line":602,"column":null}},"line":596},"47":{"name":"(anonymous_47)","decl":{"start":{"line":605,"column":2},"end":{"line":605,"column":27}},"loc":{"start":{"line":605,"column":27},"end":{"line":609,"column":null}},"line":605},"48":{"name":"(anonymous_48)","decl":{"start":{"line":612,"column":2},"end":{"line":612,"column":33}},"loc":{"start":{"line":612,"column":33},"end":{"line":622,"column":null}},"line":612},"49":{"name":"(anonymous_49)","decl":{"start":{"line":621,"column":27},"end":{"line":621,"column":33}},"loc":{"start":{"line":621,"column":33},"end":{"line":621,"column":77}},"line":621},"50":{"name":"(anonymous_50)","decl":{"start":{"line":625,"column":2},"end":{"line":625,"column":18}},"loc":{"start":{"line":625,"column":46},"end":{"line":630,"column":null}},"line":625},"51":{"name":"(anonymous_51)","decl":{"start":{"line":633,"column":2},"end":{"line":633,"column":30}},"loc":{"start":{"line":633,"column":30},"end":{"line":637,"column":null}},"line":633},"52":{"name":"(anonymous_52)","decl":{"start":{"line":640,"column":8},"end":{"line":640,"column":46}},"loc":{"start":{"line":640,"column":46},"end":{"line":655,"column":null}},"line":640},"53":{"name":"(anonymous_53)","decl":{"start":{"line":658,"column":2},"end":{"line":658,"column":36}},"loc":{"start":{"line":658,"column":36},"end":{"line":666,"column":null}},"line":658},"54":{"name":"(anonymous_54)","decl":{"start":{"line":669,"column":2},"end":{"line":669,"column":31}},"loc":{"start":{"line":669,"column":31},"end":{"line":672,"column":null}},"line":669},"55":{"name":"(anonymous_55)","decl":{"start":{"line":675,"column":2},"end":{"line":675,"column":30}},"loc":{"start":{"line":675,"column":30},"end":{"line":682,"column":null}},"line":675},"56":{"name":"(anonymous_56)","decl":{"start":{"line":685,"column":2},"end":{"line":685,"column":18}},"loc":{"start":{"line":685,"column":45},"end":{"line":688,"column":null}},"line":685},"57":{"name":"(anonymous_57)","decl":{"start":{"line":691,"column":2},"end":{"line":691,"column":17}},"loc":{"start":{"line":691,"column":36},"end":{"line":697,"column":null}},"line":691},"58":{"name":"(anonymous_58)","decl":{"start":{"line":700,"column":2},"end":{"line":700,"column":13}},"loc":{"start":{"line":700,"column":56},"end":{"line":700,"column":null}},"line":700},"59":{"name":"(anonymous_59)","decl":{"start":{"line":703,"column":2},"end":{"line":703,"column":14}},"loc":{"start":{"line":703,"column":59},"end":{"line":703,"column":null}},"line":703},"60":{"name":"(anonymous_60)","decl":{"start":{"line":706,"column":10},"end":{"line":706,"column":27}},"loc":{"start":{"line":706,"column":65},"end":{"line":722,"column":null}},"line":706},"61":{"name":"(anonymous_61)","decl":{"start":{"line":707,"column":26},"end":{"line":707,"column":27}},"loc":{"start":{"line":707,"column":58},"end":{"line":715,"column":null}},"line":707},"62":{"name":"(anonymous_62)","decl":{"start":{"line":718,"column":39},"end":{"line":718,"column":44}},"loc":{"start":{"line":718,"column":44},"end":{"line":718,"column":77}},"line":718},"63":{"name":"(anonymous_63)","decl":{"start":{"line":718,"column":86},"end":{"line":718,"column":87}},"loc":{"start":{"line":718,"column":98},"end":{"line":718,"column":107}},"line":718},"64":{"name":"(anonymous_64)","decl":{"start":{"line":720,"column":36},"end":{"line":720,"column":41}},"loc":{"start":{"line":720,"column":41},"end":{"line":720,"column":134}},"line":720},"65":{"name":"(anonymous_65)","decl":{"start":{"line":720,"column":64},"end":{"line":720,"column":69}},"loc":{"start":{"line":720,"column":69},"end":{"line":720,"column":102}},"line":720},"66":{"name":"(anonymous_66)","decl":{"start":{"line":720,"column":111},"end":{"line":720,"column":112}},"loc":{"start":{"line":720,"column":123},"end":{"line":720,"column":132}},"line":720},"67":{"name":"(anonymous_67)","decl":{"start":{"line":720,"column":143},"end":{"line":720,"column":144}},"loc":{"start":{"line":720,"column":155},"end":{"line":720,"column":164}},"line":720},"68":{"name":"(anonymous_68)","decl":{"start":{"line":728,"column":2},"end":{"line":728,"column":26}},"loc":{"start":{"line":728,"column":47},"end":{"line":734,"column":null}},"line":728},"69":{"name":"(anonymous_69)","decl":{"start":{"line":740,"column":2},"end":{"line":740,"column":14}},"loc":{"start":{"line":740,"column":35},"end":{"line":751,"column":null}},"line":740},"70":{"name":"(anonymous_70)","decl":{"start":{"line":757,"column":2},"end":{"line":757,"column":12}},"loc":{"start":{"line":757,"column":33},"end":{"line":768,"column":null}},"line":757}},"branchMap":{"0":{"loc":{"start":{"line":125,"column":22},"end":{"line":125,"column":54}},"type":"cond-expr","locations":[{"start":{"line":125,"column":45},"end":{"line":125,"column":51}},{"start":{"line":125,"column":51},"end":{"line":125,"column":54}}],"line":125},"1":{"loc":{"start":{"line":131,"column":22},"end":{"line":131,"column":54}},"type":"cond-expr","locations":[{"start":{"line":131,"column":45},"end":{"line":131,"column":51}},{"start":{"line":131,"column":51},"end":{"line":131,"column":54}}],"line":131},"2":{"loc":{"start":{"line":136,"column":4},"end":{"line":136,"column":null}},"type":"if","locations":[{"start":{"line":136,"column":4},"end":{"line":136,"column":null}},{"start":{},"end":{}}],"line":136},"3":{"loc":{"start":{"line":148,"column":6},"end":{"line":150,"column":null}},"type":"if","locations":[{"start":{"line":148,"column":6},"end":{"line":150,"column":null}},{"start":{},"end":{}}],"line":148},"4":{"loc":{"start":{"line":163,"column":6},"end":{"line":163,"column":null}},"type":"if","locations":[{"start":{"line":163,"column":6},"end":{"line":163,"column":null}},{"start":{},"end":{}}],"line":163},"5":{"loc":{"start":{"line":164,"column":6},"end":{"line":167,"column":null}},"type":"if","locations":[{"start":{"line":164,"column":6},"end":{"line":167,"column":null}},{"start":{},"end":{}}],"line":164},"6":{"loc":{"start":{"line":164,"column":10},"end":{"line":164,"column":78}},"type":"binary-expr","locations":[{"start":{"line":164,"column":10},"end":{"line":164,"column":39}},{"start":{"line":164,"column":39},"end":{"line":164,"column":78}}],"line":164},"7":{"loc":{"start":{"line":168,"column":6},"end":{"line":172,"column":null}},"type":"if","locations":[{"start":{"line":168,"column":6},"end":{"line":172,"column":null}},{"start":{},"end":{}}],"line":168},"8":{"loc":{"start":{"line":182,"column":6},"end":{"line":195,"column":null}},"type":"if","locations":[{"start":{"line":182,"column":6},"end":{"line":195,"column":null}},{"start":{"line":187,"column":13},"end":{"line":195,"column":null}}],"line":182},"9":{"loc":{"start":{"line":188,"column":8},"end":{"line":188,"column":null}},"type":"if","locations":[{"start":{"line":188,"column":8},"end":{"line":188,"column":null}},{"start":{},"end":{}}],"line":188},"10":{"loc":{"start":{"line":191,"column":8},"end":{"line":194,"column":null}},"type":"if","locations":[{"start":{"line":191,"column":8},"end":{"line":194,"column":null}},{"start":{},"end":{}}],"line":191},"11":{"loc":{"start":{"line":207,"column":79},"end":{"line":207,"column":100}},"type":"binary-expr","locations":[{"start":{"line":207,"column":79},"end":{"line":207,"column":86}},{"start":{"line":207,"column":86},"end":{"line":207,"column":100}}],"line":207},"12":{"loc":{"start":{"line":226,"column":28},"end":{"line":226,"column":null}},"type":"binary-expr","locations":[{"start":{"line":226,"column":28},"end":{"line":226,"column":37}},{"start":{"line":226,"column":37},"end":{"line":226,"column":null}}],"line":226},"13":{"loc":{"start":{"line":246,"column":4},"end":{"line":250,"column":null}},"type":"if","locations":[{"start":{"line":246,"column":4},"end":{"line":250,"column":null}},{"start":{},"end":{}}],"line":246},"14":{"loc":{"start":{"line":261,"column":4},"end":{"line":261,"column":null}},"type":"if","locations":[{"start":{"line":261,"column":4},"end":{"line":261,"column":null}},{"start":{},"end":{}}],"line":261},"15":{"loc":{"start":{"line":266,"column":4},"end":{"line":281,"column":null}},"type":"switch","locations":[{"start":{"line":267,"column":6},"end":{"line":269,"column":null}},{"start":{"line":270,"column":6},"end":{"line":280,"column":null}}],"line":266},"16":{"loc":{"start":{"line":272,"column":8},"end":{"line":272,"column":null}},"type":"if","locations":[{"start":{"line":272,"column":8},"end":{"line":272,"column":null}},{"start":{},"end":{}}],"line":272},"17":{"loc":{"start":{"line":291,"column":4},"end":{"line":291,"column":null}},"type":"if","locations":[{"start":{"line":291,"column":4},"end":{"line":291,"column":null}},{"start":{},"end":{}}],"line":291},"18":{"loc":{"start":{"line":301,"column":4},"end":{"line":313,"column":null}},"type":"switch","locations":[{"start":{"line":302,"column":6},"end":{"line":305,"column":null}},{"start":{"line":306,"column":6},"end":{"line":309,"column":null}},{"start":{"line":310,"column":6},"end":{"line":312,"column":null}}],"line":301},"19":{"loc":{"start":{"line":324,"column":26},"end":{"line":324,"column":null}},"type":"binary-expr","locations":[{"start":{"line":324,"column":26},"end":{"line":324,"column":80}},{"start":{"line":324,"column":80},"end":{"line":324,"column":null}}],"line":324},"20":{"loc":{"start":{"line":328,"column":6},"end":{"line":333,"column":null}},"type":"if","locations":[{"start":{"line":328,"column":6},"end":{"line":333,"column":null}},{"start":{},"end":{}}],"line":328},"21":{"loc":{"start":{"line":328,"column":10},"end":{"line":328,"column":65}},"type":"binary-expr","locations":[{"start":{"line":328,"column":10},"end":{"line":328,"column":28
[...]
lumn":null}},{"start":{"line":251,"column":11},"end":{"line":255,"column":null}}],"line":250},"19":{"loc":{"start":{"line":253,"column":25},"end":{"line":253,"column":null}},"type":"cond-expr","locations":[{"start":{"line":253,"column":57},"end":{"line":253,"column":98}},{"start":{"line":253,"column":98},"end":{"line":253,"column":null}}],"line":253},"20":{"loc":{"start":{"line":270,"column":4},"end":{"line":270,"column":null}},"type":"if","locations":[{"start":{"line":270,"column":4},"end":{"line":270,"column":null}},{"start":{},"end":{}}],"line":270},"21":{"loc":{"start":{"line":276,"column":4},"end":{"line":278,"column":null}},"type":"if","locations":[{"start":{"line":276,"column":4},"end":{"line":278,"column":null}},{"start":{},"end":{}}],"line":276},"22":{"loc":{"start":{"line":276,"column":8},"end":{"line":276,"column":87}},"type":"binary-expr","locations":[{"start":{"line":276,"column":8},"end":{"line":276,"column":21}},{"start":{"line":276,"column":21},"end":{"line":276,"column":33}},{"start":{"line":276,"column":33},"end":{"line":276,"column":87}}],"line":276},"23":{"loc":{"start":{"line":281,"column":4},"end":{"line":281,"column":null}},"type":"if","locations":[{"start":{"line":281,"column":4},"end":{"line":281,"column":null}},{"start":{},"end":{}}],"line":281},"24":{"loc":{"start":{"line":301,"column":4},"end":{"line":301,"column":null}},"type":"default-arg","locations":[{"start":{"line":301,"column":29},"end":{"line":301,"column":null}}],"line":301},"25":{"loc":{"start":{"line":304,"column":4},"end":{"line":304,"column":null}},"type":"if","locations":[{"start":{"line":304,"column":4},"end":{"line":304,"column":null}},{"start":{},"end":{}}],"line":304},"26":{"loc":{"start":{"line":309,"column":4},"end":{"line":311,"column":null}},"type":"if","locations":[{"start":{"line":309,"column":4},"end":{"line":311,"column":null}},{"start":{},"end":{}}],"line":309},"27":{"loc":{"start":{"line":309,"column":8},"end":{"line":309,"column":88}},"type":"binary-expr","locations":[{"start":{"line":309,"column":8},"end":{"line":309,"column":70}},{"start":{"line":309,"column":70},"end":{"line":309,"column":88}}],"line":309},"28":{"loc":{"start":{"line":313,"column":4},"end":{"line":313,"column":null}},"type":"if","locations":[{"start":{"line":313,"column":4},"end":{"line":313,"column":null}},{"start":{},"end":{}}],"line":313},"29":{"loc":{"start":{"line":314,"column":4},"end":{"line":314,"column":null}},"type":"if","locations":[{"start":{"line":314,"column":4},"end":{"line":314,"column":null}},{"start":{},"end":{}}],"line":314},"30":{"loc":{"start":{"line":324,"column":11},"end":{"line":324,"column":null}},"type":"binary-expr","locations":[{"start":{"line":324,"column":11},"end":{"line":324,"column":45}},{"start":{"line":324,"column":45},"end":{"line":324,"column":null}}],"line":324},"31":{"loc":{"start":{"line":337,"column":22},"end":{"line":339,"column":null}},"type":"cond-expr","locations":[{"start":{"line":338,"column":8},"end":{"line":338,"column":null}},{"start":{"line":339,"column":8},"end":{"line":339,"column":null}}],"line":337},"32":{"loc":{"start":{"line":353,"column":22},"end":{"line":355,"column":null}},"type":"cond-expr","locations":[{"start":{"line":354,"column":8},"end":{"line":354,"column":null}},{"start":{"line":354,"column":8},"end":{"line":355,"column":null}}],"line":353}},"s":{"0":12,"1":12,"2":12,"3":12,"4":12,"5":12,"6":12,"7":12,"8":12,"9":0,"10":12,"11":12,"12":12,"13":0,"14":12,"15":12,"16":0,"17":0,"18":0,"19":0,"20":0,"21":0,"22":12,"23":8,"24":8,"25":8,"26":8,"27":8,"28":8,"29":8,"30":4,"31":0,"32":0,"33":0,"34":0,"35":0,"36":0,"37":0,"38":0,"39":0,"40":0,"41":0,"42":0,"43":0,"44":0,"45":0,"46":0,"47":0,"48":0,"49":0,"50":0,"51":0,"52":0,"53":0,"54":0,"55":0,"56":0,"57":0,"58":0,"59":0,"60":0,"61":0,"62":6,"63":0,"64":6,"65":6,"66":6,"67":0,"68":6,"69":6,"70":5,"71":5,"72":8,"73":6,"74":8,"75":8,"76":6,"77":8,"78":8,"79":5,"80":8,"81":2,"82":0,"83":2,"84":1,"85":2,"86":1,"87":1,"88":1,"89":1,"90":1,"91":0,"92":1,"93":1,"94":2,"95":0,"96":1,"97":1,"98":0,"99":1,"100":1,"101":1,"102":8,"103":8,"104":8,"105":8,"106":8,"107":8,"108":6,"109":8,"110":2,"111":8,"112":7,"113":8,"114":0,"115":0,"116":0,"117":0,"118":0,"119":0},"f":{"0":12,"1":12,"2":0,"3":8,"4":4,"5":0,"6":0,"7":0,"8":0,"9":0,"10":0,"11":0,"12":0,"13":0,"14":0,"15":6,"16":6,"17":5,"18":8,"19":6,"20":6,"21":5,"22":2,"23":1,"24":1,"25":8,"26":0,"27":0,"28":0,"29":0,"30":0,"31":1},"b":{"0":[0,12],"1":[0,12],"2":[0,0],"3":[0,0],"4":[8,0],"5":[0,0],"6":[0,0],"7":[0,0],"8":[0,0],"9":[0,0],"10":[0,0],"11":[0,0],"12":[0,0],"13":[0,6],"14":[0,6],"15":[0,2],"16":[2,2],"17":[1,1],"18":[0,1],"19":[0,1],"20":[0,2],"21":[0,1],"22":[1,0,0],"23":[1,0],"24":[8],"25":[8,0],"26":[6,2],"27":[8,6],"28":[2,6],"29":[7,1],"30":[0,0],"31":[0,0],"32":[0,0]},"meta":{"lastBranch":33,"lastFunction":32,"lastStatement":120,"seen":{"s:28:40:28:Infinity":0,"s:29:36:29:Infinity":1,"s:30:64:30:Infinity":2,"s:31:85:31:Infinity":3,"f:33:2:33:24":0,"s:33:24:33:59":4,"f:41:2:41:11":1,"s:42:4:42:Infinity":5,"s:45:23:45:Infinity":6,"s:48:4:54:Infinity":7,"b:56:4:56:Infinity:undefined:undefined:undefined:undefined":0,"s:56:4:56:Infinity":8,"s:56:27:56:Infinity":9,"s:58:20:58:Infinity":10,"s:59:19:59:Infinity":11,"b:60:4:60:Infinity:undefined:undefined:undefined:undefined":1,"s:60:4:60:Infinity":12,"s:60:17:60:Infinity":13,"s:61:4:61:Infinity":14,"s:64:4:77:Infinity":15,"f:64:21:64:22":2,"b:65:6:65:Infinity:undefined:undefined:undefined:undefined":2,"s:65:6:65:Infinity":16,"s:65:29:65:Infinity":17,"s:67:16:67:Infinity":18,"s:68:20:68:Infinity":19,"b:68:20:68:44:68:44:68:Infinity":3,"s:69:19:69:Infinity":20,"s:71:6:76:Infinity":21,"s:79:4:79:Infinity":22,"f:86:2:86:21":3,"s:87:4:87:Infinity":23,"s:88:4:88:Infinity":24,"b:90:4:90:Infinity:undefined:undefined:undefined:undefined":4,"s:90:4:90:Infinity":25,"s:90:26:90:Infinity":26,"s:92:4:92:Infinity":27,"s:93:4:93:Infinity":28,"s:94:4:94:Infinity":29,"f:100:2:100:17":4,"s:101:4:101:Infinity":30,"f:110:18:110:Infinity":5,"b:114:4:114:Infinity:undefined:undefined:undefined:undefined":5,"s:114:4:114:Infinity":31,"b:114:8:114:21:114:21:114:37":6,"s:114:37:114:Infinity":32,"s:116:17:116:Infinity":33,"s:117:20:117:Infinity":34,"b:117:20:117:40:117:40:117:Infinity":7,"s:118:20:118:Infinity":35,"b:118:20:118:40:118:40:118:Infinity":8,"s:120:28:120:Infinity":36,"f:120:39:120:44":6,"s:120:39:120:77":37,"s:122:22:126:Infinity":38,"f:122:22:122:23":7,"s:123:6:125:Infinity":39,"b:124:10:124:Infinity:125:10:125:Infinity":9,"s:128:4:156:Infinity":40,"s:128:17:128:20":41,"s:129:21:129:Infinity":42,"s:131:6:148:Infinity":43,"f:131:30:131:31":8,"s:132:28:132:Infinity":44,"b:132:28:132:46:132:46:132:Infinity":10,"s:133:27:133:Infinity":45,"s:135:8:147:Infinity":46,"f:146:10:146:16":9,"s:146:16:146:Infinity":47,"b:150:6:153:Infinity:undefined:undefined:undefined:undefined":11,"s:150:6:153:Infinity":48,"s:151:27:151:Infinity":49,"s:152:8:152:Infinity":50,"s:155:6:155:Infinity":51,"f:155:24:155:29":10,"s:155:29:155:47":52,"b:159:4:172:Infinity:undefined:undefined:undefined:undefined":12,"s:159:4:172:Infinity":53,"s:160:10:160:Infinity":54,"s:161:6:161:Infinity":55,"f:161:30:161:35":11,"s:161:30:161:58":56,"s:163:6:171:Infinity":57,"f:163:30:163:31":12,"s:164:8:169:Infinity":58,"s:170:8:170:Infinity":59,"f:170:19:170:25":13,"s:170:25:170:36":60,"f:180:12:180:22":14,"s:181:4:181:Infinity":61,"f:188:12:188:32":15,"b:189:4:189:Infinity:undefined:undefined:undefined:undefined":13,"s:189:4:189:Infinity":62,"s:189:19:189:Infinity":63,"s:190:4:190:Infinity":64,"s:191:4:191:Infinity":65,"f:199:12:199:32":16,"b:200:4:200:Infinity:undefined:undefined:undefined:undefined":14,"s:200:4:200:Infinity":66,"s:200:19:200:Infinity":67,"s:201:4:201:Infinity":68,"s:202:4:202:Infinity":69,"f:211:12:211:32":17,"s:212:4:212:Infinity":70,"s:213:4:213:Infinity":71,"f:219:10:219:45":18,"s:220:4:220:Infinity":72,"f:220:30:220:31":19,"s:220:37:220:67":73,"s:221:4:221:Infinity":74,"s:223:4:223:Infinity":75,"f:223:30:223:31":20,"s:223:53:223:87":76,"s:224:4:224:Infinity":77,"s:226:4:226:Infinity":78,"f:226:30:226:31":21,"s:226:61:226:102":79,"s:227:4:227:Infinity":80,"f:236:2:236:7":22,"b:237:4:237:Infinity:undefined:undefined:undefined:undefined":15,"s:237:4:237:Infinity":81,"b:237:8:237:28:237:28:237:47":16,"s:237:47:237:Infinity":82,"s:239:24:240:Infinity":83,"f:240:14:240:19":23,"s:240:19:240:50":84,"b:242:4:242:Infinity:undefined:undefined:undefined:undefined":17,"s:242:4:242:Infinity":85,"s:242:29:242:Infinity":86,"s:246:38:246:Infinity":87,"s:248:4:256:Infinity":88,"f:248:24:248:29":24,"s:249:17:249:Infinity":89,"b:250:6:255:Infinity:251:11:255:Infinity":18,"s:250:6:255:Infinity":90,"s:250:14:250:Infinity":91,"s:251:11:255:Infinity":92,"b:253:57:253:98:253:98:253:Infinity":19,"s:259:77:267:Infinity":93,"b:270:4:270:Infinity:undefined:undefined:undefined:undefined":20,"s:270:4:270:Infinity":94,"s:270:19:270:Infinity":95,"s:273:21:273:Infinity":96,"b:276:4:278:Infinity:undefined:undefined:undefined:undefined":21,"s:276:4:278:Infinity":97,"b:276:8:276:21:276:21:276:33:276:33:276:87":22,"s:277:6:277:Infinity":98,"b:281:4:281:Infinity:undefined:undefined:undefined:undefined":23,"s:281:4:281:Infinity":99,"s:281:21:281:Infinity":100,"s:283:4:283:Infinity":101,"f:296:12:296:Infinity":25,"b:301:29:301:Infinity":24,"s:303:14:303:Infinity":102,"b:304:4:304:Infinity:undefined:undefined:undefined:undefined":25,"s:304:4:304:Infinity":103,"s:304:20:304:Infinity":104,"s:306:4:306:Infinity":105,"s:307:4:307:Infinity":106,"b:309:4:311:Infinity:undefined:undefined:undefined:undefined":26,"s:309:4:311:Infinity":107,"b:309:8:309:70:309:70:309:88":27,"s:310:6:310:Infinity":108,"b:313:4:313:Infinity:undefined:undefined:undefined:undefined":28,"s:313:4:313:Infinity":109,"s:313:14:313:Infinity":110,"b:314:4:314:Infinity:undefined:undefined:undefined:undefined":29,"s:314:4:314:Infinity":111,"s:314:23:314:Infinity":112,"s:316:4:316:Infinity":113,"f:323:2:323:31":26,"s:324:4:324:Infinity":114,"b:324:11:324:45:324:45:324:Infinity":30,"f:333:12:333:Infinity":27,"s:337:22:339:Infinity":115,"b:338:8:338:Infinity:339:8:339:Infinity":31,"f:339:19:339:24":28,"s:339:19:339:57":116,"s:340:4:340:Infinity":117,"f:349:12:349:Infinity":29,"s:353:22:355:Infinity":118,"b:354:8:354:Infinity:354:8:355:Infinity":32,"s:356:4:356:Infinity":119,"f:360:12:360:33":30,"f:361:12:361:20":31}}}
,"/var/home/jim/DevWork/gis-webview/gis-webview/frontend/src/app/map/utils/map-utils.ts": {"path":"/var/home/jim/DevWork/gis-webview/gis-webview/frontend/src/app/map/utils/map-utils.ts","statementMap":{"0":{"start":{"line":3,"column":16},"end":{"line":3,"column":null}},"1":{"start":{"line":4,"column":21},"end":{"line":4,"column":null}},"2":{"start":{"line":6,"column":2},"end":{"line":12,"column":null}},"3":{"start":{"line":7,"column":20},"end":{"line":7,"column":null}},"4":{"start":{"line":8,"column":4},"end":{"line":11,"column":null}},"5":{"start":{"line":14,"column":2},"end":{"line":20,"column":null}},"6":{"start":{"line":15,"column":24},"end":{"line":15,"column":null}},"7":{"start":{"line":16,"column":4},"end":{"line":19,"column":null}},"8":{"start":{"line":22,"column":2},"end":{"line":25,"column":null}},"9":{"start":{"line":33,"column":24},"end":{"line":33,"column":null}},"10":{"start":{"line":34,"column":25},"end":{"line":34,"column":null}},"11":{"start":{"line":38,"column":4},"end":{"line":38,"column":null}},"12":{"start":{"line":39,"column":4},"end":{"line":39,"column":null}},"13":{"start":{"line":52,"column":4},"end":{"line":52,"column":null}},"14":{"start":{"line":53,"column":4},"end":{"line":53,"column":null}},"15":{"start":{"line":62,"column":4},"end":{"line":62,"column":null}},"16":{"start":{"line":62,"column":24},"end":{"line":62,"column":null}},"17":{"start":{"line":64,"column":25},"end":{"line":64,"column":null}},"18":{"start":{"line":65,"column":4},"end":{"line":65,"column":null}},"19":{"start":{"line":65,"column":26},"end":{"line":65,"column":43}},"20":{"start":{"line":67,"column":16},"end":{"line":67,"column":null}},"21":{"start":{"line":68,"column":17},"end":{"line":68,"column":null}},"22":{"start":{"line":69,"column":4},"end":{"line":69,"column":null}},"23":{"start":{"line":70,"column":4},"end":{"line":70,"column":null}},"24":{"start":{"line":72,"column":4},"end":{"line":72,"column":null}},"25":{"start":{"line":81,"column":40},"end":{"line":81,"column":null}},"26":{"start":{"line":82,"column":19},"end":{"line":82,"column":null}},"27":{"start":{"line":84,"column":21},"end":{"line":85,"column":null}},"28":{"start":{"line":85,"column":6},"end":{"line":85,"column":null}},"29":{"start":{"line":87,"column":19},"end":{"line":104,"column":null}},"30":{"start":{"line":88,"column":6},"end":{"line":88,"column":null}},"31":{"start":{"line":88,"column":17},"end":{"line":88,"column":null}},"32":{"start":{"line":90,"column":16},"end":{"line":90,"column":null}},"33":{"start":{"line":91,"column":6},"end":{"line":94,"column":null}},"34":{"start":{"line":92,"column":8},"end":{"line":92,"column":null}},"35":{"start":{"line":93,"column":8},"end":{"line":93,"column":null}},"36":{"start":{"line":96,"column":19},"end":{"line":96,"column":null}},"37":{"start":{"line":97,"column":19},"end":{"line":97,"column":null}},"38":{"start":{"line":99,"column":20},"end":{"line":99,"column":null}},"39":{"start":{"line":100,"column":21},"end":{"line":100,"column":null}},"40":{"start":{"line":102,"column":6},"end":{"line":102,"column":null}},"41":{"start":{"line":103,"column":6},"end":{"line":103,"column":null}},"42":{"start":{"line":103,"column":37},"end":{"line":103,"column":null}},"43":{"start":{"line":106,"column":4},"end":{"line":106,"column":null}},"44":{"start":{"line":107,"column":4},"end":{"line":107,"column":null}}},"fnMap":{"0":{"name":"formatAreaPerimeter","decl":{"start":{"line":2,"column":16},"end":{"line":2,"column":37}},"loc":{"start":{"line":2,"column":120},"end":{"line":26,"column":null}},"line":2},"1":{"name":"(anonymous_1)","decl":{"start":{"line":37,"column":2},"end":{"line":37,"column":14}},"loc":{"start":{"line":37,"column":52},"end":{"line":40,"column":null}},"line":37},"2":{"name":"(anonymous_2)","decl":{"start":{"line":51,"column":2},"end":{"line":51,"column":14}},"loc":{"start":{"line":51,"column":42},"end":{"line":54,"column":null}},"line":51},"3":{"name":"(anonymous_3)","decl":{"start":{"line":61,"column":10},"end":{"line":61,"column":16}},"loc":{"start":{"line":61,"column":74},"end":{"line":73,"column":null}},"line":61},"4":{"name":"(anonymous_4)","decl":{"start":{"line":65,"column":16},"end":{"line":65,"column":17}},"loc":{"start":{"line":65,"column":26},"end":{"line":65,"column":43}},"line":65},"5":{"name":"(anonymous_5)","decl":{"start":{"line":80,"column":2},"end":{"line":80,"column":10}},"loc":{"start":{"line":80,"column":60},"end":{"line":108,"column":null}},"line":80},"6":{"name":"(anonymous_6)","decl":{"start":{"line":84,"column":21},"end":{"line":84,"column":22}},"loc":{"start":{"line":85,"column":6},"end":{"line":85,"column":null}},"line":85},"7":{"name":"(anonymous_7)","decl":{"start":{"line":87,"column":19},"end":{"line":87,"column":20}},"loc":{"start":{"line":87,"column":44},"end":{"line":104,"column":null}},"line":87}},"branchMap":{"0":{"loc":{"start":{"line":6,"column":2},"end":{"line":12,"column":null}},"type":"if","locations":[{"start":{"line":6,"column":2},"end":{"line":12,"column":null}},{"start":{},"end":{}}],"line":6},"1":{"loc":{"start":{"line":6,"column":6},"end":{"line":6,"column":44}},"type":"binary-expr","locations":[{"start":{"line":6,"column":6},"end":{"line":6,"column":28}},{"start":{"line":6,"column":28},"end":{"line":6,"column":44}}],"line":6},"2":{"loc":{"start":{"line":14,"column":2},"end":{"line":20,"column":null}},"type":"if","locations":[{"start":{"line":14,"column":2},"end":{"line":20,"column":null}},{"start":{},"end":{}}],"line":14},"3":{"loc":{"start":{"line":14,"column":6},"end":{"line":14,"column":54}},"type":"binary-expr","locations":[{"start":{"line":14,"column":6},"end":{"line":14,"column":33}},{"start":{"line":14,"column":33},"end":{"line":14,"column":54}}],"line":14},"4":{"loc":{"start":{"line":62,"column":4},"end":{"line":62,"column":null}},"type":"if","locations":[{"start":{"line":62,"column":4},"end":{"line":62,"column":null}},{"start":{},"end":{}}],"line":62},"5":{"loc":{"start":{"line":88,"column":6},"end":{"line":88,"column":null}},"type":"if","locations":[{"start":{"line":88,"column":6},"end":{"line":88,"column":null}},{"start":{},"end":{}}],"line":88},"6":{"loc":{"start":{"line":91,"column":6},"end":{"line":94,"column":null}},"type":"if","locations":[{"start":{"line":91,"column":6},"end":{"line":94,"column":null}},{"start":{},"end":{}}],"line":91},"7":{"loc":{"start":{"line":91,"column":10},"end":{"line":91,"column":33}},"type":"binary-expr","locations":[{"start":{"line":91,"column":10},"end":{"line":91,"column":26}},{"start":{"line":91,"column":26},"end":{"line":91,"column":33}}],"line":91},"8":{"loc":{"start":{"line":99,"column":20},"end":{"line":99,"column":null}},"type":"cond-expr","locations":[{"start":{"line":99,"column":32},"end":{"line":99,"column":44}},{"start":{"line":99,"column":44},"end":{"line":99,"column":null}}],"line":99},"9":{"loc":{"start":{"line":100,"column":21},"end":{"line":100,"column":null}},"type":"cond-expr","locations":[{"start":{"line":100,"column":33},"end":{"line":100,"column":46}},{"start":{"line":100,"column":46},"end":{"line":100,"column":null}}],"line":100},"10":{"loc":{"start":{"line":103,"column":6},"end":{"line":103,"column":null}},"type":"if","locations":[{"start":{"line":103,"column":6},"end":{"line":103,"column":null}},{"start":{},"end":{}}],"line":103}},"s":{"0":0,"1":0,"2":0,"3":0,"4":0,"5":0,"6":0,"7":0,"8":0,"9":5,"10":5,"11":5,"12":5,"13":5,"14":5,"15":15,"16":10,"17":5,"18":5,"19":0,"20":5,"21":5,"22":5,"23":5,"24":5,"25":0,"26":0,"27":0,"28":0,"29":0,"30":0,"31":0,"32":0,"33":0,"34":0,"35":0,"36":0,"37":0,"38":0,"39":0,"40":0,"41":0,"42":0,"43":0,"44":0},"f":{"0":0,"1":5,"2":5,"3":15,"4":0,"5":0,"6":0,"7":0},"b":{"0":[0,0],"1":[0,0],"2":[0,0],"3":[0,0],"4":[10,5],"5":[0,0],"6":[0,0],"7":[0,0],"8":[0,0],"9":[0,0],"10":[0,0]},"meta":{"lastBranch":11,"lastFunction":8,"lastStatement":45,"seen":{"f:2:16:2:37":0,"s:3:16:3:Infinity":0,"s:4:21:4:Infinity":1,"b:6:2:12:Infinity:undefined:undefined:undefined:undefined":0,"s:6:2:12:Infinity":2,"b:6:6:6:28:6:28:6:44":1,"s:7:20:7:Infinity":3,"s:8:4:11:Infinity":4,"b:14:2:20:Infinity:undefined:undefined:undefined:undefined":2,"s:14:2:20:Infinity":5,"b:14:6:14:33:14:33:14:54":3,"s:15:24:15:Infinity":6,"s:16:4:19:Infinity":7,"s:22:2:25:Infinity":8,"s:33:24:33:Infinity":9,"s:34:25:34:Infinity":10,"f:37:2:37:14":1,"s:38:4:38:Infinity":11,"s:39:4:39:Infinity":12,"f:51:2:51:14":2,"s:52:4:52:Infinity":13,"s:53:4:53:Infinity":14,"f:61:10:61:16":3,"b:62:4:62:Infinity:undefined:undefined:undefined:undefined":4,"s:62:4:62:Infinity":15,"s:62:24:62:Infinity":16,"s:64:25:64:Infinity":17,"s:65:4:65:Infinity":18,"f:65:16:65:17":4,"s:65:26:65:43":19,"s:67:16:67:Infinity":20,"s:68:17:68:Infinity":21,"s:69:4:69:Infinity":22,"s:70:4:70:Infinity":23,"s:72:4:72:Infinity":24,"f:80:2:80:10":5,"s:81:40:81:Infinity":25,"s:82:19:82:Infinity":26,"s:84:21:85:Infinity":27,"f:84:21:84:22":6,"s:85:6:85:Infinity":28,"s:87:19:104:Infinity":29,"f:87:19:87:20":7,"b:88:6:88:Infinity:undefined:undefined:undefined:undefined":5,"s:88:6:88:Infinity":30,"s:88:17:88:Infinity":31,"s:90:16:90:Infinity":32,"b:91:6:94:Infinity:undefined:undefined:undefined:undefined":6,"s:91:6:94:Infinity":33,"b:91:10:91:26:91:26:91:33":7,"s:92:8:92:Infinity":34,"s:93:8:93:Infinity":35,"s:96:19:96:Infinity":36,"s:97:19:97:Infinity":37,"s:99:20:99:Infinity":38,"b:99:32:99:44:99:44:99:Infinity":8,"s:100:21:100:Infinity":39,"b:100:33:100:46:100:46:100:Infinity":9,"s:102:6:102:Infinity":40,"b:103:6:103:Infinity:undefined:undefined:undefined:undefined":10,"s:103:6:103:Infinity":41,"s:103:37:103:Infinity":42,"s:106:4:106:Infinity":43,"s:107:4:107:Infinity":44}}}
}
